<html xmlns:math="http://exslt.org/math" xmlns:testng="http://testng.org">
   <head>
      <title>TestNG Results</title>
      <meta http-equiv="content-type" content="text/html; charset=utf-8"></meta>
      <meta http-equiv="pragma" content="no-cache"></meta>
      <meta http-equiv="cache-control" content="max-age=0"></meta>
      <meta http-equiv="cache-control" content="no-cache"></meta>
      <meta http-equiv="cache-control" content="no-store"></meta>
      <LINK rel="stylesheet" href="style.css"></LINK>
      <script type="text/javascript" src="main.js"></script>
   </head>
   <body>
      <table width="100%" style="font-size: 16px; margin-bottom: 10px;" cellspacing="1">
         <tr>
            <td width="100%">
               All methods in suite
               
               <b>DemoTestSuite</b>
            </td>
            <td style="background-color: #FFBBBB; padding: 3px 3px 3px 0;" align="center">
               <div style="width: 50px;">2</div>
            </td>
            <td style="background-color: lightgreen; padding: 3px 3px 3px 0;" align="center">
               <div style="width: 50px;">15</div>
            </td>
            <td style="background-color: #FFFFBB; padding: 3px 3px 3px 0;" align="center">
               <div style="width: 50px;">0</div>
            </td>
            <td align="center" style="background-color: #eaf0f7; padding: 3px 3px 3px 0;">
               <div style="width: 50px;">17</div>
            </td>
            <td align="center"
                style="font-weight: bold; background-color: #eaf0f7; padding: 3px 3px 3px 0;">
               <div style="width: 50px;">88%</div>
            </td>
            <td style="background-color: #eaf0f7; padding: 3px 3px 3px 0;" align="center"
                nowrap="true">6m
               3s
               
            </td>
         </tr>
      </table>
      <div style="width: 200px;">
         <label for="groupMethodsCheckBox" style="font-weight: bold; margin: 0;">
            <input id="groupMethodsCheckBox" type="checkbox" onclick="switchTestMethodsView(this)"
                   checked=""></input>
            Group by class
            
         </label>
         <br></br>
         <label for="methodsFilter_ALL" style="font-weight: bold; margin: 0;">
            <input id="methodsFilter_ALL" type="checkbox"
                   onclick="testMethodsFilterChanged(this, 'ALL')"
                   checked=""></input>
            All
            
         </label>
      </div>
      <label for="methodsFilter_FAIL" style="margin-left: 20px;">
         <input id="methodsFilter_FAIL" type="checkbox"
                onclick="testMethodsFilterChanged(this, 'FAIL')"
                checked=""></input>
         Failed
         
      </label>
      <label for="methodsFilter_PASS">
         <input id="methodsFilter_PASS" type="checkbox"
                onclick="testMethodsFilterChanged(this, 'PASS')"
                checked=""></input>
         Passed
         
      </label>
      <label for="methodsFilter_SKIP">
         <input id="methodsFilter_SKIP" type="checkbox"
                onclick="testMethodsFilterChanged(this, 'SKIP')"
                checked=""></input>
         Skipped
         
      </label>
      <label for="methodsFilter_CONF">
         <input id="methodsFilter_CONF" type="checkbox"
                onclick="testMethodsFilterChanged(this, 'CONF')"
                checked=""></input>
         Config
         
      </label>
      <br></br>
      <div id="testMethodsByStatus" style="display: none;">
         <table class="testMethodsTable" cellpadding="0" cellspacing="0">
            <tr class="methodsTableHeader">
               <td width="100%">Name</td>
               <td nowrap="true">Started</td>
               <td nowrap="true">Duration</td>
               <td>Exception</td>
            </tr>
            <tr id="shopizer.PageSteps.ComputerBooksPageTest_TC_001_Verify_Search_ByName_byStatus_failed_FAIL1_row"
                class="testMethodStatusFAIL">
               <td width="100%" class="firstMethodCell">
                  <a onclick="toggleDetailsVisibility('shopizer.PageSteps.ComputerBooksPageTest_TC_001_Verify_Search_ByName_byStatus_failed_FAIL1_details')">TC_001_Verify_Search_ByName(SORTFILTER
                     
                     ,
                     
                     Name)
                  </a>
               </td>
               <td nowrap="true">10:31:42</td>
               <td nowrap="true" align="right">3s
                  
               </td>
               <td nowrap="true">
                  <a onclick="toggleDetailsVisibility('shopizer.PageSteps.ComputerBooksPageTest_TC_001_Verify_Search_ByName_byStatus_failed_FAIL1_exception')">java.lang.AssertionError: 
                     expected [true] but found [false]
                     
                  </a>
                   
                  
               </td>
            </tr>
            <tr>
               <td colspan="4" class="detailsBox">
                  <div id="shopizer.PageSteps.ComputerBooksPageTest_TC_001_Verify_Search_ByName_byStatus_failed_FAIL1_details"
                       class="testMethodDetails">
                     <div>
                        <b>Name: </b>TC_001_Verify_Search_ByName
                     </div>
                     <div>
                        <b>Signature: </b>TC_001_Verify_Search_ByName(java.lang.String, java.lang.String)[pri:0, instance:shopizer.PageSteps.ComputerBooksPageTest@735b478]
                     </div>
                     <div>
                        <b>Parameters: </b>
                        
                        SORTFILTER
                        
                        ,
                        
                        Name
                        
                        
                     </div>
                     <div>
                        <b>Start time: </b>10:31:42
                     </div>
                     <div>
                        <b>End time: </b>10:31:45
                     </div>
                     <div>
                        <b>Duration: </b>3s
                        
                     </div>
                  </div>
               </td>
            </tr>
            <tr>
               <td colspan="4" class="detailsBox">
                  <div id="shopizer.PageSteps.ComputerBooksPageTest_TC_001_Verify_Search_ByName_byStatus_failed_FAIL1_exception"
                       class="testMethodDetails">
                     <pre style="padding: 5px; margin: 0;">java.lang.AssertionError: expected [true] but found [false]
                        	at org.testng.Assert.fail(Assert.java:94)
                        	at org.testng.Assert.failNotEquals(Assert.java:494)
                        	at org.testng.Assert.assertTrue(Assert.java:42)
                        	at org.testng.Assert.assertTrue(Assert.java:52)
                        	at shopizer.PageSteps.ComputerBooksPageTest.TC_001_Verify_Search_ByName(ComputerBooksPageTest.java:66)
                        	at sun.reflect.NativeMethodAccessorImpl.invoke0(Native Method)
                        	at sun.reflect.NativeMethodAccessorImpl.invoke(NativeMethodAccessorImpl.java:62)
                        	at sun.reflect.DelegatingMethodAccessorImpl.invoke(DelegatingMethodAccessorImpl.java:43)
                        	at java.lang.reflect.Method.invoke(Method.java:498)
                        	at org.testng.internal.MethodInvocationHelper.invokeMethod(MethodInvocationHelper.java:85)
                        	at org.testng.internal.Invoker.invokeMethod(Invoker.java:696)
                        	at org.testng.internal.Invoker.invokeTestMethod(Invoker.java:882)
                        	at org.testng.internal.Invoker.invokeTestMethods(Invoker.java:1189)
                        	at org.testng.internal.TestMethodWorker.invokeTestMethods(TestMethodWorker.java:124)
                        	at org.testng.internal.TestMethodWorker.run(TestMethodWorker.java:108)
                        	at org.testng.TestRunner.privateRun(TestRunner.java:767)
                        	at org.testng.TestRunner.run(TestRunner.java:617)
                        	at org.testng.SuiteRunner.runTest(SuiteRunner.java:348)
                        	at org.testng.SuiteRunner.runSequentially(SuiteRunner.java:343)
                        	at org.testng.SuiteRunner.privateRun(SuiteRunner.java:305)
                        	at org.testng.SuiteRunner.run(SuiteRunner.java:254)
                        	at org.testng.SuiteRunnerWorker.runSuite(SuiteRunnerWorker.java:52)
                        	at org.testng.SuiteRunnerWorker.run(SuiteRunnerWorker.java:86)
                        	at org.testng.TestNG.runSuitesSequentially(TestNG.java:1224)
                        	at org.testng.TestNG.runSuitesLocally(TestNG.java:1149)
                        	at org.testng.TestNG.run(TestNG.java:1057)
                        	at org.apache.maven.surefire.testng.TestNGExecutor.run(TestNGExecutor.java:281)
                        	at org.apache.maven.surefire.testng.TestNGXmlTestSuite.execute(TestNGXmlTestSuite.java:75)
                        	at org.apache.maven.surefire.testng.TestNGProvider.invoke(TestNGProvider.java:121)
                        	at org.apache.maven.surefire.booter.ForkedBooter.invokeProviderInSameClassLoader(ForkedBooter.java:290)
                        	at org.apache.maven.surefire.booter.ForkedBooter.runSuitesInProcess(ForkedBooter.java:242)
                        	at org.apache.maven.surefire.booter.ForkedBooter.main(ForkedBooter.java:121)
                     </pre>
                  </div>
               </td>
            </tr>
            <tr id="shopizer.PageSteps.ComputerBooksPageTest_TC_002_Verify_Search_ByPrice_byStatus_failed_FAIL2_row"
                class="testMethodStatusFAIL">
               <td width="100%" class="firstMethodCell">
                  <a onclick="toggleDetailsVisibility('shopizer.PageSteps.ComputerBooksPageTest_TC_002_Verify_Search_ByPrice_byStatus_failed_FAIL2_details')">TC_002_Verify_Search_ByPrice(SORTFILTER
                     
                     ,
                     
                     Price)
                  </a>
               </td>
               <td nowrap="true">10:31:45</td>
               <td nowrap="true" align="right">2s
                  
               </td>
               <td nowrap="true">
                  <a onclick="toggleDetailsVisibility('shopizer.PageSteps.ComputerBooksPageTest_TC_002_Verify_Search_ByPrice_byStatus_failed_FAIL2_exception')">java.lang.AssertionError: 
                     expected [true] but found [false]
                     
                  </a>
                   
                  
               </td>
            </tr>
            <tr>
               <td colspan="4" class="detailsBox">
                  <div id="shopizer.PageSteps.ComputerBooksPageTest_TC_002_Verify_Search_ByPrice_byStatus_failed_FAIL2_details"
                       class="testMethodDetails">
                     <div>
                        <b>Name: </b>TC_002_Verify_Search_ByPrice
                     </div>
                     <div>
                        <b>Signature: </b>TC_002_Verify_Search_ByPrice(java.lang.String, java.lang.String)[pri:0, instance:shopizer.PageSteps.ComputerBooksPageTest@735b478]
                     </div>
                     <div>
                        <b>Parameters: </b>
                        
                        SORTFILTER
                        
                        ,
                        
                        Price
                        
                        
                     </div>
                     <div>
                        <b>Start time: </b>10:31:45
                     </div>
                     <div>
                        <b>End time: </b>10:31:48
                     </div>
                     <div>
                        <b>Duration: </b>2s
                        
                     </div>
                  </div>
               </td>
            </tr>
            <tr>
               <td colspan="4" class="detailsBox">
                  <div id="shopizer.PageSteps.ComputerBooksPageTest_TC_002_Verify_Search_ByPrice_byStatus_failed_FAIL2_exception"
                       class="testMethodDetails">
                     <pre style="padding: 5px; margin: 0;">java.lang.AssertionError: expected [true] but found [false]
                        	at org.testng.Assert.fail(Assert.java:94)
                        	at org.testng.Assert.failNotEquals(Assert.java:494)
                        	at org.testng.Assert.assertTrue(Assert.java:42)
                        	at org.testng.Assert.assertTrue(Assert.java:52)
                        	at shopizer.PageSteps.ComputerBooksPageTest.TC_002_Verify_Search_ByPrice(ComputerBooksPageTest.java:87)
                        	at sun.reflect.NativeMethodAccessorImpl.invoke0(Native Method)
                        	at sun.reflect.NativeMethodAccessorImpl.invoke(NativeMethodAccessorImpl.java:62)
                        	at sun.reflect.DelegatingMethodAccessorImpl.invoke(DelegatingMethodAccessorImpl.java:43)
                        	at java.lang.reflect.Method.invoke(Method.java:498)
                        	at org.testng.internal.MethodInvocationHelper.invokeMethod(MethodInvocationHelper.java:85)
                        	at org.testng.internal.Invoker.invokeMethod(Invoker.java:696)
                        	at org.testng.internal.Invoker.invokeTestMethod(Invoker.java:882)
                        	at org.testng.internal.Invoker.invokeTestMethods(Invoker.java:1189)
                        	at org.testng.internal.TestMethodWorker.invokeTestMethods(TestMethodWorker.java:124)
                        	at org.testng.internal.TestMethodWorker.run(TestMethodWorker.java:108)
                        	at org.testng.TestRunner.privateRun(TestRunner.java:767)
                        	at org.testng.TestRunner.run(TestRunner.java:617)
                        	at org.testng.SuiteRunner.runTest(SuiteRunner.java:348)
                        	at org.testng.SuiteRunner.runSequentially(SuiteRunner.java:343)
                        	at org.testng.SuiteRunner.privateRun(SuiteRunner.java:305)
                        	at org.testng.SuiteRunner.run(SuiteRunner.java:254)
                        	at org.testng.SuiteRunnerWorker.runSuite(SuiteRunnerWorker.java:52)
                        	at org.testng.SuiteRunnerWorker.run(SuiteRunnerWorker.java:86)
                        	at org.testng.TestNG.runSuitesSequentially(TestNG.java:1224)
                        	at org.testng.TestNG.runSuitesLocally(TestNG.java:1149)
                        	at org.testng.TestNG.run(TestNG.java:1057)
                        	at org.apache.maven.surefire.testng.TestNGExecutor.run(TestNGExecutor.java:281)
                        	at org.apache.maven.surefire.testng.TestNGXmlTestSuite.execute(TestNGXmlTestSuite.java:75)
                        	at org.apache.maven.surefire.testng.TestNGProvider.invoke(TestNGProvider.java:121)
                        	at org.apache.maven.surefire.booter.ForkedBooter.invokeProviderInSameClassLoader(ForkedBooter.java:290)
                        	at org.apache.maven.surefire.booter.ForkedBooter.runSuitesInProcess(ForkedBooter.java:242)
                        	at org.apache.maven.surefire.booter.ForkedBooter.main(ForkedBooter.java:121)
                     </pre>
                  </div>
               </td>
            </tr>
            <tr id="shopizer.PageSteps.LoginSteps_setUp_byStatus_passed_PASS1_row"
                class="testMethodStatusPASS testMethodStatusCONF">
               <td width="100%" class="firstMethodCell">
                  <a onclick="toggleDetailsVisibility('shopizer.PageSteps.LoginSteps_setUp_byStatus_passed_PASS1_details')">setUp()</a>
               </td>
               <td nowrap="true">10:31:01</td>
               <td nowrap="true" align="right">11s
                  
               </td>
               <td nowrap="true">
                   
                  
               </td>
            </tr>
            <tr>
               <td colspan="4" class="detailsBox">
                  <div id="shopizer.PageSteps.LoginSteps_setUp_byStatus_passed_PASS1_details"
                       class="testMethodDetails">
                     <div>
                        <b>Name: </b>setUp
                     </div>
                     <div>
                        <b>Signature: </b>setUp()[pri:0, instance:shopizer.PageSteps.LoginSteps@783e6358]
                     </div>
                     <div>
                        <b>Start time: </b>10:31:01
                     </div>
                     <div>
                        <b>End time: </b>10:31:12
                     </div>
                     <div>
                        <b>Duration: </b>11s
                        
                     </div>
                  </div>
               </td>
            </tr>
            <tr></tr>
            <tr id="shopizer.PageSteps.LoginSteps_loginTest_byStatus_passed_PASS2_row"
                class="testMethodStatusPASS">
               <td width="100%" class="firstMethodCell">
                  <a onclick="toggleDetailsVisibility('shopizer.PageSteps.LoginSteps_loginTest_byStatus_passed_PASS2_details')">loginTest()</a>
               </td>
               <td nowrap="true">10:31:13</td>
               <td nowrap="true" align="right">12s
                  
               </td>
               <td nowrap="true">
                   
                  
               </td>
            </tr>
            <tr>
               <td colspan="4" class="detailsBox">
                  <div id="shopizer.PageSteps.LoginSteps_loginTest_byStatus_passed_PASS2_details"
                       class="testMethodDetails">
                     <div>
                        <b>Name: </b>loginTest
                     </div>
                     <div>
                        <b>Signature: </b>loginTest()[pri:0, instance:shopizer.PageSteps.LoginSteps@783e6358]
                     </div>
                     <div>
                        <b>Start time: </b>10:31:13
                     </div>
                     <div>
                        <b>End time: </b>10:31:25
                     </div>
                     <div>
                        <b>Duration: </b>12s
                        
                     </div>
                  </div>
               </td>
            </tr>
            <tr></tr>
            <tr id="shopizer.PageSteps.LoginSteps_closeBrowser_byStatus_passed_PASS3_row"
                class="testMethodStatusPASS testMethodStatusCONF">
               <td width="100%" class="firstMethodCell">
                  <a onclick="toggleDetailsVisibility('shopizer.PageSteps.LoginSteps_closeBrowser_byStatus_passed_PASS3_details')">closeBrowser()</a>
               </td>
               <td nowrap="true">10:31:25</td>
               <td nowrap="true" align="right">155 ms
                  
               </td>
               <td nowrap="true">
                   
                  
               </td>
            </tr>
            <tr>
               <td colspan="4" class="detailsBox">
                  <div id="shopizer.PageSteps.LoginSteps_closeBrowser_byStatus_passed_PASS3_details"
                       class="testMethodDetails">
                     <div>
                        <b>Name: </b>closeBrowser
                     </div>
                     <div>
                        <b>Signature: </b>closeBrowser()[pri:0, instance:shopizer.PageSteps.LoginSteps@783e6358]
                     </div>
                     <div>
                        <b>Start time: </b>10:31:25
                     </div>
                     <div>
                        <b>End time: </b>10:31:25
                     </div>
                     <div>
                        <b>Duration: </b>155 ms
                        
                     </div>
                  </div>
               </td>
            </tr>
            <tr></tr>
            <tr id="shopizer.PageSteps.ComputerBooksPageTest_setUp_byStatus_passed_PASS4_row"
                class="testMethodStatusPASS testMethodStatusCONF">
               <td width="100%" class="firstMethodCell">
                  <a onclick="toggleDetailsVisibility('shopizer.PageSteps.ComputerBooksPageTest_setUp_byStatus_passed_PASS4_details')">setUp()</a>
               </td>
               <td nowrap="true">10:31:25</td>
               <td nowrap="true" align="right">16s
                  
               </td>
               <td nowrap="true">
                   
                  
               </td>
            </tr>
            <tr>
               <td colspan="4" class="detailsBox">
                  <div id="shopizer.PageSteps.ComputerBooksPageTest_setUp_byStatus_passed_PASS4_details"
                       class="testMethodDetails">
                     <div>
                        <b>Name: </b>setUp
                     </div>
                     <div>
                        <b>Signature: </b>setUp()[pri:0, instance:shopizer.PageSteps.ComputerBooksPageTest@735b478]
                     </div>
                     <div>
                        <b>Start time: </b>10:31:25
                     </div>
                     <div>
                        <b>End time: </b>10:31:42
                     </div>
                     <div>
                        <b>Duration: </b>16s
                        
                     </div>
                  </div>
               </td>
            </tr>
            <tr></tr>
            <tr id="shopizer.PageSteps.ComputerBooksPageTest_TC_003_Verify_Search_By_entering_min_max_price_byStatus_passed_PASS5_row"
                class="testMethodStatusPASS">
               <td width="100%" class="firstMethodCell">
                  <a onclick="toggleDetailsVisibility('shopizer.PageSteps.ComputerBooksPageTest_TC_003_Verify_Search_By_entering_min_max_price_byStatus_passed_PASS5_details')">TC_003_Verify_Search_By_entering_min_max_price(SORTFILTER
                     
                     ,
                     
                     Price
                     
                     ,
                     
                     20
                     
                     ,
                     
                     40)
                  </a>
               </td>
               <td nowrap="true">10:31:48</td>
               <td nowrap="true" align="right">25s
                  
               </td>
               <td nowrap="true">
                   
                  
               </td>
            </tr>
            <tr>
               <td colspan="4" class="detailsBox">
                  <div id="shopizer.PageSteps.ComputerBooksPageTest_TC_003_Verify_Search_By_entering_min_max_price_byStatus_passed_PASS5_details"
                       class="testMethodDetails">
                     <div>
                        <b>Name: </b>TC_003_Verify_Search_By_entering_min_max_price
                     </div>
                     <div>
                        <b>Signature: </b>TC_003_Verify_Search_By_entering_min_max_price(java.lang.String, java.lang.String, java.lang.String, java.lang.String)[pri:0,
                        instance:shopizer.PageSteps.ComputerBooksPageTest@735b478]
                     </div>
                     <div>
                        <b>Parameters: </b>
                        
                        SORTFILTER
                        
                        ,
                        
                        Price
                        
                        ,
                        
                        20
                        
                        ,
                        
                        40
                        
                        
                     </div>
                     <div>
                        <b>Start time: </b>10:31:48
                     </div>
                     <div>
                        <b>End time: </b>10:32:13
                     </div>
                     <div>
                        <b>Duration: </b>25s
                        
                     </div>
                  </div>
               </td>
            </tr>
            <tr></tr>
            <tr id="shopizer.PageSteps.ComputerBooksPageTest_TC_004_Verify_ItemOrder_Completion_byStatus_passed_PASS6_row"
                class="testMethodStatusPASS">
               <td width="100%" class="firstMethodCell">
                  <a onclick="toggleDetailsVisibility('shopizer.PageSteps.ComputerBooksPageTest_TC_004_Verify_ItemOrder_Completion_byStatus_passed_PASS6_details')">TC_004_Verify_ItemOrder_Completion(Node Web Development
                     
                     ,
                     
                     1001)
                  </a>
               </td>
               <td nowrap="true">10:32:13</td>
               <td nowrap="true" align="right">43s
                  
               </td>
               <td nowrap="true">
                   
                  
               </td>
            </tr>
            <tr>
               <td colspan="4" class="detailsBox">
                  <div id="shopizer.PageSteps.ComputerBooksPageTest_TC_004_Verify_ItemOrder_Completion_byStatus_passed_PASS6_details"
                       class="testMethodDetails">
                     <div>
                        <b>Name: </b>TC_004_Verify_ItemOrder_Completion
                     </div>
                     <div>
                        <b>Signature: </b>TC_004_Verify_ItemOrder_Completion(java.lang.String, java.lang.String)[pri:0, instance:shopizer.PageSteps.ComputerBooksPageTest@735b478]
                     </div>
                     <div>
                        <b>Parameters: </b>
                        
                        Node Web Development
                        
                        ,
                        
                        1001
                        
                        
                     </div>
                     <div>
                        <b>Start time: </b>10:32:13
                     </div>
                     <div>
                        <b>End time: </b>10:32:57
                     </div>
                     <div>
                        <b>Duration: </b>43s
                        
                     </div>
                  </div>
               </td>
            </tr>
            <tr></tr>
            <tr id="shopizer.PageSteps.ComputerBooksPageTest_TC_005_Verify_publisherLink_byStatus_passed_PASS7_row"
                class="testMethodStatusPASS">
               <td width="100%" class="firstMethodCell">
                  <a onclick="toggleDetailsVisibility('shopizer.PageSteps.ComputerBooksPageTest_TC_005_Verify_publisherLink_byStatus_passed_PASS7_details')">TC_005_Verify_publisherLink(Sams)</a>
               </td>
               <td nowrap="true">10:32:57</td>
               <td nowrap="true" align="right">1s
                  
               </td>
               <td nowrap="true">
                   
                  
               </td>
            </tr>
            <tr>
               <td colspan="4" class="detailsBox">
                  <div id="shopizer.PageSteps.ComputerBooksPageTest_TC_005_Verify_publisherLink_byStatus_passed_PASS7_details"
                       class="testMethodDetails">
                     <div>
                        <b>Name: </b>TC_005_Verify_publisherLink
                     </div>
                     <div>
                        <b>Signature: </b>TC_005_Verify_publisherLink(java.lang.String)[pri:0, instance:shopizer.PageSteps.ComputerBooksPageTest@735b478]
                     </div>
                     <div>
                        <b>Parameters: </b>
                        
                        Sams
                        
                        
                     </div>
                     <div>
                        <b>Start time: </b>10:32:57
                     </div>
                     <div>
                        <b>End time: </b>10:32:59
                     </div>
                     <div>
                        <b>Duration: </b>1s
                        
                     </div>
                  </div>
               </td>
            </tr>
            <tr></tr>
            <tr id="shopizer.PageSteps.ComputerBooksPageTest_TC_006_Verify_AllPublisherLink_byStatus_passed_PASS8_row"
                class="testMethodStatusPASS">
               <td width="100%" class="firstMethodCell">
                  <a onclick="toggleDetailsVisibility('shopizer.PageSteps.ComputerBooksPageTest_TC_006_Verify_AllPublisherLink_byStatus_passed_PASS8_details')">TC_006_Verify_AllPublisherLink()</a>
               </td>
               <td nowrap="true">10:32:59</td>
               <td nowrap="true" align="right">679 ms
                  
               </td>
               <td nowrap="true">
                   
                  
               </td>
            </tr>
            <tr>
               <td colspan="4" class="detailsBox">
                  <div id="shopizer.PageSteps.ComputerBooksPageTest_TC_006_Verify_AllPublisherLink_byStatus_passed_PASS8_details"
                       class="testMethodDetails">
                     <div>
                        <b>Name: </b>TC_006_Verify_AllPublisherLink
                     </div>
                     <div>
                        <b>Signature: </b>TC_006_Verify_AllPublisherLink()[pri:0, instance:shopizer.PageSteps.ComputerBooksPageTest@735b478]
                     </div>
                     <div>
                        <b>Start time: </b>10:32:59
                     </div>
                     <div>
                        <b>End time: </b>10:33:00
                     </div>
                     <div>
                        <b>Duration: </b>679 ms
                        
                     </div>
                  </div>
               </td>
            </tr>
            <tr></tr>
            <tr id="shopizer.PageSteps.ComputerBooksPageTest_closeDriver_byStatus_passed_PASS9_row"
                class="testMethodStatusPASS testMethodStatusCONF">
               <td width="100%" class="firstMethodCell">
                  <a onclick="toggleDetailsVisibility('shopizer.PageSteps.ComputerBooksPageTest_closeDriver_byStatus_passed_PASS9_details')">closeDriver()</a>
               </td>
               <td nowrap="true">10:33:00</td>
               <td nowrap="true" align="right">10s
                  
               </td>
               <td nowrap="true">
                   
                  
               </td>
            </tr>
            <tr>
               <td colspan="4" class="detailsBox">
                  <div id="shopizer.PageSteps.ComputerBooksPageTest_closeDriver_byStatus_passed_PASS9_details"
                       class="testMethodDetails">
                     <div>
                        <b>Name: </b>closeDriver
                     </div>
                     <div>
                        <b>Signature: </b>closeDriver()[pri:0, instance:shopizer.PageSteps.ComputerBooksPageTest@735b478]
                     </div>
                     <div>
                        <b>Start time: </b>10:33:00
                     </div>
                     <div>
                        <b>End time: </b>10:33:10
                     </div>
                     <div>
                        <b>Duration: </b>10s
                        
                     </div>
                  </div>
               </td>
            </tr>
            <tr></tr>
            <tr id="shopizer.PageSteps.BusinessPageTest_setUp_byStatus_passed_PASS10_row"
                class="testMethodStatusPASS testMethodStatusCONF">
               <td width="100%" class="firstMethodCell">
                  <a onclick="toggleDetailsVisibility('shopizer.PageSteps.BusinessPageTest_setUp_byStatus_passed_PASS10_details')">setUp()</a>
               </td>
               <td nowrap="true">10:33:10</td>
               <td nowrap="true" align="right">15s
                  
               </td>
               <td nowrap="true">
                   
                  
               </td>
            </tr>
            <tr>
               <td colspan="4" class="detailsBox">
                  <div id="shopizer.PageSteps.BusinessPageTest_setUp_byStatus_passed_PASS10_details"
                       class="testMethodDetails">
                     <div>
                        <b>Name: </b>setUp
                     </div>
                     <div>
                        <b>Signature: </b>setUp()[pri:0, instance:shopizer.PageSteps.BusinessPageTest@12843fce]
                     </div>
                     <div>
                        <b>Start time: </b>10:33:10
                     </div>
                     <div>
                        <b>End time: </b>10:33:26
                     </div>
                     <div>
                        <b>Duration: </b>15s
                        
                     </div>
                  </div>
               </td>
            </tr>
            <tr></tr>
            <tr id="shopizer.PageSteps.BusinessPageTest_TC_002_Verify_Search_ByPrice_byStatus_passed_PASS11_row"
                class="testMethodStatusPASS">
               <td width="100%" class="firstMethodCell">
                  <a onclick="toggleDetailsVisibility('shopizer.PageSteps.BusinessPageTest_TC_002_Verify_Search_ByPrice_byStatus_passed_PASS11_details')">TC_002_Verify_Search_ByPrice(SORTFILTER
                     
                     ,
                     
                     Price)
                  </a>
               </td>
               <td nowrap="true">10:33:26</td>
               <td nowrap="true" align="right">2s
                  
               </td>
               <td nowrap="true">
                   
                  
               </td>
            </tr>
            <tr>
               <td colspan="4" class="detailsBox">
                  <div id="shopizer.PageSteps.BusinessPageTest_TC_002_Verify_Search_ByPrice_byStatus_passed_PASS11_details"
                       class="testMethodDetails">
                     <div>
                        <b>Name: </b>TC_002_Verify_Search_ByPrice
                     </div>
                     <div>
                        <b>Signature: </b>TC_002_Verify_Search_ByPrice(java.lang.String, java.lang.String)[pri:0, instance:shopizer.PageSteps.BusinessPageTest@12843fce]
                     </div>
                     <div>
                        <b>Parameters: </b>
                        
                        SORTFILTER
                        
                        ,
                        
                        Price
                        
                        
                     </div>
                     <div>
                        <b>Start time: </b>10:33:26
                     </div>
                     <div>
                        <b>End time: </b>10:33:28
                     </div>
                     <div>
                        <b>Duration: </b>2s
                        
                     </div>
                  </div>
               </td>
            </tr>
            <tr></tr>
            <tr id="shopizer.PageSteps.BusinessPageTest_TC_003_Verify_Search_By_entering_min_max_price_byStatus_passed_PASS12_row"
                class="testMethodStatusPASS">
               <td width="100%" class="firstMethodCell">
                  <a onclick="toggleDetailsVisibility('shopizer.PageSteps.BusinessPageTest_TC_003_Verify_Search_By_entering_min_max_price_byStatus_passed_PASS12_details')">TC_003_Verify_Search_By_entering_min_max_price(SORTFILTER
                     
                     ,
                     
                     Price
                     
                     ,
                     
                     15
                     
                     ,
                     
                     40)
                  </a>
               </td>
               <td nowrap="true">10:33:28</td>
               <td nowrap="true" align="right">24s
                  
               </td>
               <td nowrap="true">
                   
                  
               </td>
            </tr>
            <tr>
               <td colspan="4" class="detailsBox">
                  <div id="shopizer.PageSteps.BusinessPageTest_TC_003_Verify_Search_By_entering_min_max_price_byStatus_passed_PASS12_details"
                       class="testMethodDetails">
                     <div>
                        <b>Name: </b>TC_003_Verify_Search_By_entering_min_max_price
                     </div>
                     <div>
                        <b>Signature: </b>TC_003_Verify_Search_By_entering_min_max_price(java.lang.String, java.lang.String, java.lang.String, java.lang.String)[pri:0,
                        instance:shopizer.PageSteps.BusinessPageTest@12843fce]
                     </div>
                     <div>
                        <b>Parameters: </b>
                        
                        SORTFILTER
                        
                        ,
                        
                        Price
                        
                        ,
                        
                        15
                        
                        ,
                        
                        40
                        
                        
                     </div>
                     <div>
                        <b>Start time: </b>10:33:28
                     </div>
                     <div>
                        <b>End time: </b>10:33:53
                     </div>
                     <div>
                        <b>Duration: </b>24s
                        
                     </div>
                  </div>
               </td>
            </tr>
            <tr></tr>
            <tr id="shopizer.PageSteps.BusinessPageTest_TC_004_Verify_ItemOrder_Completion_byStatus_passed_PASS13_row"
                class="testMethodStatusPASS">
               <td width="100%" class="firstMethodCell">
                  <a onclick="toggleDetailsVisibility('shopizer.PageSteps.BusinessPageTest_TC_004_Verify_ItemOrder_Completion_byStatus_passed_PASS13_details')">TC_004_Verify_ItemOrder_Completion(The Big Switch
                     
                     ,
                     
                     1001)
                  </a>
               </td>
               <td nowrap="true">10:33:53</td>
               <td nowrap="true" align="right">41s
                  
               </td>
               <td nowrap="true">
                   
                  
               </td>
            </tr>
            <tr>
               <td colspan="4" class="detailsBox">
                  <div id="shopizer.PageSteps.BusinessPageTest_TC_004_Verify_ItemOrder_Completion_byStatus_passed_PASS13_details"
                       class="testMethodDetails">
                     <div>
                        <b>Name: </b>TC_004_Verify_ItemOrder_Completion
                     </div>
                     <div>
                        <b>Signature: </b>TC_004_Verify_ItemOrder_Completion(java.lang.String, java.lang.String)[pri:0, instance:shopizer.PageSteps.BusinessPageTest@12843fce]
                     </div>
                     <div>
                        <b>Parameters: </b>
                        
                        The Big Switch
                        
                        ,
                        
                        1001
                        
                        
                     </div>
                     <div>
                        <b>Start time: </b>10:33:53
                     </div>
                     <div>
                        <b>End time: </b>10:34:35
                     </div>
                     <div>
                        <b>Duration: </b>41s
                        
                     </div>
                  </div>
               </td>
            </tr>
            <tr></tr>
            <tr id="shopizer.PageSteps.BusinessPageTest_TC_005_Verify_publisherLink_byStatus_passed_PASS14_row"
                class="testMethodStatusPASS">
               <td width="100%" class="firstMethodCell">
                  <a onclick="toggleDetailsVisibility('shopizer.PageSteps.BusinessPageTest_TC_005_Verify_publisherLink_byStatus_passed_PASS14_details')">TC_005_Verify_publisherLink(Novells publishing)</a>
               </td>
               <td nowrap="true">10:34:35</td>
               <td nowrap="true" align="right">1s
                  
               </td>
               <td nowrap="true">
                   
                  
               </td>
            </tr>
            <tr>
               <td colspan="4" class="detailsBox">
                  <div id="shopizer.PageSteps.BusinessPageTest_TC_005_Verify_publisherLink_byStatus_passed_PASS14_details"
                       class="testMethodDetails">
                     <div>
                        <b>Name: </b>TC_005_Verify_publisherLink
                     </div>
                     <div>
                        <b>Signature: </b>TC_005_Verify_publisherLink(java.lang.String)[pri:0, instance:shopizer.PageSteps.BusinessPageTest@12843fce]
                     </div>
                     <div>
                        <b>Parameters: </b>
                        
                        Novells publishing
                        
                        
                     </div>
                     <div>
                        <b>Start time: </b>10:34:35
                     </div>
                     <div>
                        <b>End time: </b>10:34:36
                     </div>
                     <div>
                        <b>Duration: </b>1s
                        
                     </div>
                  </div>
               </td>
            </tr>
            <tr></tr>
            <tr id="shopizer.PageSteps.BusinessPageTest_TC_006_Verify_AllPublisherLink_byStatus_passed_PASS15_row"
                class="testMethodStatusPASS">
               <td width="100%" class="firstMethodCell">
                  <a onclick="toggleDetailsVisibility('shopizer.PageSteps.BusinessPageTest_TC_006_Verify_AllPublisherLink_byStatus_passed_PASS15_details')">TC_006_Verify_AllPublisherLink()</a>
               </td>
               <td nowrap="true">10:34:36</td>
               <td nowrap="true" align="right">581 ms
                  
               </td>
               <td nowrap="true">
                   
                  
               </td>
            </tr>
            <tr>
               <td colspan="4" class="detailsBox">
                  <div id="shopizer.PageSteps.BusinessPageTest_TC_006_Verify_AllPublisherLink_byStatus_passed_PASS15_details"
                       class="testMethodDetails">
                     <div>
                        <b>Name: </b>TC_006_Verify_AllPublisherLink
                     </div>
                     <div>
                        <b>Signature: </b>TC_006_Verify_AllPublisherLink()[pri:0, instance:shopizer.PageSteps.BusinessPageTest@12843fce]
                     </div>
                     <div>
                        <b>Start time: </b>10:34:36
                     </div>
                     <div>
                        <b>End time: </b>10:34:37
                     </div>
                     <div>
                        <b>Duration: </b>581 ms
                        
                     </div>
                  </div>
               </td>
            </tr>
            <tr></tr>
            <tr id="shopizer.PageSteps.BusinessPageTest_TC_007_Verify_facebook_share_link_byStatus_passed_PASS16_row"
                class="testMethodStatusPASS">
               <td width="100%" class="firstMethodCell">
                  <a onclick="toggleDetailsVisibility('shopizer.PageSteps.BusinessPageTest_TC_007_Verify_facebook_share_link_byStatus_passed_PASS16_details')">TC_007_Verify_facebook_share_link(The Big Switch)</a>
               </td>
               <td nowrap="true">10:34:37</td>
               <td nowrap="true" align="right">12s
                  
               </td>
               <td nowrap="true">
                   
                  
               </td>
            </tr>
            <tr>
               <td colspan="4" class="detailsBox">
                  <div id="shopizer.PageSteps.BusinessPageTest_TC_007_Verify_facebook_share_link_byStatus_passed_PASS16_details"
                       class="testMethodDetails">
                     <div>
                        <b>Name: </b>TC_007_Verify_facebook_share_link
                     </div>
                     <div>
                        <b>Signature: </b>TC_007_Verify_facebook_share_link(java.lang.String)[pri:0, instance:shopizer.PageSteps.BusinessPageTest@12843fce]
                     </div>
                     <div>
                        <b>Parameters: </b>
                        
                        The Big Switch
                        
                        
                     </div>
                     <div>
                        <b>Start time: </b>10:34:37
                     </div>
                     <div>
                        <b>End time: </b>10:34:49
                     </div>
                     <div>
                        <b>Duration: </b>12s
                        
                     </div>
                  </div>
               </td>
            </tr>
            <tr></tr>
            <tr id="shopizer.PageSteps.BusinessPageTest_TC_01_Verify_Book_Search_ByName_byStatus_passed_PASS17_row"
                class="testMethodStatusPASS">
               <td width="100%" class="firstMethodCell">
                  <a onclick="toggleDetailsVisibility('shopizer.PageSteps.BusinessPageTest_TC_01_Verify_Book_Search_ByName_byStatus_passed_PASS17_details')">TC_01_Verify_Book_Search_ByName(SORTFILTER
                     
                     ,
                     
                     Name)
                  </a>
               </td>
               <td nowrap="true">10:34:49</td>
               <td nowrap="true" align="right">85 ms
                  
               </td>
               <td nowrap="true">
                   
                  
               </td>
            </tr>
            <tr>
               <td colspan="4" class="detailsBox">
                  <div id="shopizer.PageSteps.BusinessPageTest_TC_01_Verify_Book_Search_ByName_byStatus_passed_PASS17_details"
                       class="testMethodDetails">
                     <div>
                        <b>Name: </b>TC_01_Verify_Book_Search_ByName
                     </div>
                     <div>
                        <b>Signature: </b>TC_01_Verify_Book_Search_ByName(java.lang.String, java.lang.String)[pri:0, instance:shopizer.PageSteps.BusinessPageTest@12843fce]
                     </div>
                     <div>
                        <b>Parameters: </b>
                        
                        SORTFILTER
                        
                        ,
                        
                        Name
                        
                        
                     </div>
                     <div>
                        <b>Start time: </b>10:34:49
                     </div>
                     <div>
                        <b>End time: </b>10:34:49
                     </div>
                     <div>
                        <b>Duration: </b>85 ms
                        
                     </div>
                  </div>
               </td>
            </tr>
            <tr></tr>
            <tr id="shopizer.PageSteps.BusinessPageTest_closeBrowser_byStatus_passed_PASS18_row"
                class="testMethodStatusPASS testMethodStatusCONF">
               <td width="100%" class="firstMethodCell">
                  <a onclick="toggleDetailsVisibility('shopizer.PageSteps.BusinessPageTest_closeBrowser_byStatus_passed_PASS18_details')">closeBrowser()</a>
               </td>
               <td nowrap="true">10:34:49</td>
               <td nowrap="true" align="right">82 ms
                  
               </td>
               <td nowrap="true">
                   
                  
               </td>
            </tr>
            <tr>
               <td colspan="4" class="detailsBox">
                  <div id="shopizer.PageSteps.BusinessPageTest_closeBrowser_byStatus_passed_PASS18_details"
                       class="testMethodDetails">
                     <div>
                        <b>Name: </b>closeBrowser
                     </div>
                     <div>
                        <b>Signature: </b>closeBrowser()[pri:0, instance:shopizer.PageSteps.BusinessPageTest@12843fce]
                     </div>
                     <div>
                        <b>Start time: </b>10:34:49
                     </div>
                     <div>
                        <b>End time: </b>10:34:49
                     </div>
                     <div>
                        <b>Duration: </b>82 ms
                        
                     </div>
                  </div>
               </td>
            </tr>
            <tr></tr>
            <tr id="shopizer.PageSteps.ContactPageTest_setUp_byStatus_passed_PASS19_row"
                class="testMethodStatusPASS testMethodStatusCONF">
               <td width="100%" class="firstMethodCell">
                  <a onclick="toggleDetailsVisibility('shopizer.PageSteps.ContactPageTest_setUp_byStatus_passed_PASS19_details')">setUp()</a>
               </td>
               <td nowrap="true">10:34:49</td>
               <td nowrap="true" align="right">16s
                  
               </td>
               <td nowrap="true">
                   
                  
               </td>
            </tr>
            <tr>
               <td colspan="4" class="detailsBox">
                  <div id="shopizer.PageSteps.ContactPageTest_setUp_byStatus_passed_PASS19_details"
                       class="testMethodDetails">
                     <div>
                        <b>Name: </b>setUp
                     </div>
                     <div>
                        <b>Signature: </b>setUp()[pri:0, instance:shopizer.PageSteps.ContactPageTest@13a57a3b]
                     </div>
                     <div>
                        <b>Start time: </b>10:34:49
                     </div>
                     <div>
                        <b>End time: </b>10:35:05
                     </div>
                     <div>
                        <b>Duration: </b>16s
                        
                     </div>
                  </div>
               </td>
            </tr>
            <tr></tr>
            <tr id="shopizer.PageSteps.ContactPageTest_TC_001_Verify_That_UserCan_sent_query_on_ContactUs_Page_byStatus_passed_PASS20_row"
                class="testMethodStatusPASS">
               <td width="100%" class="firstMethodCell">
                  <a onclick="toggleDetailsVisibility('shopizer.PageSteps.ContactPageTest_TC_001_Verify_That_UserCan_sent_query_on_ContactUs_Page_byStatus_passed_PASS20_details')">TC_001_Verify_That_UserCan_sent_query_on_ContactUs_Page()</a>
               </td>
               <td nowrap="true">10:35:05</td>
               <td nowrap="true" align="right">45s
                  
               </td>
               <td nowrap="true">
                   
                  
               </td>
            </tr>
            <tr>
               <td colspan="4" class="detailsBox">
                  <div id="shopizer.PageSteps.ContactPageTest_TC_001_Verify_That_UserCan_sent_query_on_ContactUs_Page_byStatus_passed_PASS20_details"
                       class="testMethodDetails">
                     <div>
                        <b>Name: </b>TC_001_Verify_That_UserCan_sent_query_on_ContactUs_Page
                     </div>
                     <div>
                        <b>Signature: </b>TC_001_Verify_That_UserCan_sent_query_on_ContactUs_Page()[pri:0, instance:shopizer.PageSteps.ContactPageTest@13a57a3b]
                     </div>
                     <div>
                        <b>Start time: </b>10:35:05
                     </div>
                     <div>
                        <b>End time: </b>10:35:51
                     </div>
                     <div>
                        <b>Duration: </b>45s
                        
                     </div>
                  </div>
               </td>
            </tr>
            <tr></tr>
            <tr id="shopizer.PageSteps.ContactPageTest_closeBrowser_byStatus_passed_PASS21_row"
                class="testMethodStatusPASS testMethodStatusCONF">
               <td width="100%" class="firstMethodCell">
                  <a onclick="toggleDetailsVisibility('shopizer.PageSteps.ContactPageTest_closeBrowser_byStatus_passed_PASS21_details')">closeBrowser()</a>
               </td>
               <td nowrap="true">10:35:51</td>
               <td nowrap="true" align="right">5s
                  
               </td>
               <td nowrap="true">
                   
                  
               </td>
            </tr>
            <tr>
               <td colspan="4" class="detailsBox">
                  <div id="shopizer.PageSteps.ContactPageTest_closeBrowser_byStatus_passed_PASS21_details"
                       class="testMethodDetails">
                     <div>
                        <b>Name: </b>closeBrowser
                     </div>
                     <div>
                        <b>Signature: </b>closeBrowser()[pri:0, instance:shopizer.PageSteps.ContactPageTest@13a57a3b]
                     </div>
                     <div>
                        <b>Start time: </b>10:35:51
                     </div>
                     <div>
                        <b>End time: </b>10:35:56
                     </div>
                     <div>
                        <b>Duration: </b>5s
                        
                     </div>
                  </div>
               </td>
            </tr>
            <tr></tr>
            <tr id="shopizer.PageSteps.OrderReviewTest_setUp_byStatus_passed_PASS22_row"
                class="testMethodStatusPASS testMethodStatusCONF">
               <td width="100%" class="firstMethodCell">
                  <a onclick="toggleDetailsVisibility('shopizer.PageSteps.OrderReviewTest_setUp_byStatus_passed_PASS22_details')">setUp()</a>
               </td>
               <td nowrap="true">10:35:56</td>
               <td nowrap="true" align="right">17s
                  
               </td>
               <td nowrap="true">
                   
                  
               </td>
            </tr>
            <tr>
               <td colspan="4" class="detailsBox">
                  <div id="shopizer.PageSteps.OrderReviewTest_setUp_byStatus_passed_PASS22_details"
                       class="testMethodDetails">
                     <div>
                        <b>Name: </b>setUp
                     </div>
                     <div>
                        <b>Signature: </b>setUp()[pri:0, instance:shopizer.PageSteps.OrderReviewTest@7946e1f4]
                     </div>
                     <div>
                        <b>Start time: </b>10:35:56
                     </div>
                     <div>
                        <b>End time: </b>10:36:13
                     </div>
                     <div>
                        <b>Duration: </b>17s
                        
                     </div>
                  </div>
               </td>
            </tr>
            <tr></tr>
            <tr id="shopizer.PageSteps.OrderReviewTest_TC_01_Verify_that_item_added_to_cart_byStatus_passed_PASS23_row"
                class="testMethodStatusPASS">
               <td width="100%" class="firstMethodCell">
                  <a onclick="toggleDetailsVisibility('shopizer.PageSteps.OrderReviewTest_TC_01_Verify_that_item_added_to_cart_byStatus_passed_PASS23_details')">TC_01_Verify_that_item_added_to_cart(Node Web Development)</a>
               </td>
               <td nowrap="true">10:36:13</td>
               <td nowrap="true" align="right">24s
                  
               </td>
               <td nowrap="true">
                   
                  
               </td>
            </tr>
            <tr>
               <td colspan="4" class="detailsBox">
                  <div id="shopizer.PageSteps.OrderReviewTest_TC_01_Verify_that_item_added_to_cart_byStatus_passed_PASS23_details"
                       class="testMethodDetails">
                     <div>
                        <b>Name: </b>TC_01_Verify_that_item_added_to_cart
                     </div>
                     <div>
                        <b>Signature: </b>TC_01_Verify_that_item_added_to_cart(java.lang.String)[pri:0, instance:shopizer.PageSteps.OrderReviewTest@7946e1f4]
                     </div>
                     <div>
                        <b>Parameters: </b>
                        
                        Node Web Development
                        
                        
                     </div>
                     <div>
                        <b>Start time: </b>10:36:13
                     </div>
                     <div>
                        <b>End time: </b>10:36:38
                     </div>
                     <div>
                        <b>Duration: </b>24s
                        
                     </div>
                  </div>
               </td>
            </tr>
            <tr></tr>
            <tr id="shopizer.PageSteps.OrderReviewTest_TC_02_VerifyThat_Item_is_removed_from_cart_byStatus_passed_PASS24_row"
                class="testMethodStatusPASS">
               <td width="100%" class="firstMethodCell">
                  <a onclick="toggleDetailsVisibility('shopizer.PageSteps.OrderReviewTest_TC_02_VerifyThat_Item_is_removed_from_cart_byStatus_passed_PASS24_details')">TC_02_VerifyThat_Item_is_removed_from_cart(Node Web Development)</a>
               </td>
               <td nowrap="true">10:36:38</td>
               <td nowrap="true" align="right">26s
                  
               </td>
               <td nowrap="true">
                   
                  
               </td>
            </tr>
            <tr>
               <td colspan="4" class="detailsBox">
                  <div id="shopizer.PageSteps.OrderReviewTest_TC_02_VerifyThat_Item_is_removed_from_cart_byStatus_passed_PASS24_details"
                       class="testMethodDetails">
                     <div>
                        <b>Name: </b>TC_02_VerifyThat_Item_is_removed_from_cart
                     </div>
                     <div>
                        <b>Signature: </b>TC_02_VerifyThat_Item_is_removed_from_cart(java.lang.String)[pri:0, instance:shopizer.PageSteps.OrderReviewTest@7946e1f4]
                     </div>
                     <div>
                        <b>Parameters: </b>
                        
                        Node Web Development
                        
                        
                     </div>
                     <div>
                        <b>Start time: </b>10:36:38
                     </div>
                     <div>
                        <b>End time: </b>10:37:04
                     </div>
                     <div>
                        <b>Duration: </b>26s
                        
                     </div>
                  </div>
               </td>
            </tr>
            <tr></tr>
            <tr id="shopizer.PageSteps.OrderReviewTest_closeBrowser_byStatus_passed_PASS25_row"
                class="testMethodStatusPASS testMethodStatusCONF">
               <td width="100%" class="firstMethodCell">
                  <a onclick="toggleDetailsVisibility('shopizer.PageSteps.OrderReviewTest_closeBrowser_byStatus_passed_PASS25_details')">closeBrowser()</a>
               </td>
               <td nowrap="true">10:37:04</td>
               <td nowrap="true" align="right">86 ms
                  
               </td>
               <td nowrap="true">
                   
                  
               </td>
            </tr>
            <tr>
               <td colspan="4" class="detailsBox">
                  <div id="shopizer.PageSteps.OrderReviewTest_closeBrowser_byStatus_passed_PASS25_details"
                       class="testMethodDetails">
                     <div>
                        <b>Name: </b>closeBrowser
                     </div>
                     <div>
                        <b>Signature: </b>closeBrowser()[pri:0, instance:shopizer.PageSteps.OrderReviewTest@7946e1f4]
                     </div>
                     <div>
                        <b>Start time: </b>10:37:04
                     </div>
                     <div>
                        <b>End time: </b>10:37:04
                     </div>
                     <div>
                        <b>Duration: </b>86 ms
                        
                     </div>
                  </div>
               </td>
            </tr>
            <tr></tr>
         </table>
      </div>
      <div id="testMethodsByClass">
         <table class="testMethodsTable" cellpadding="0" cellspacing="0">
            <tr>
               <td colspan="4">
                  <h3 style="display: inline;">shopizer.PageSteps.BusinessPageTest</h3>
               </td>
            </tr>
            <tr class="methodsTableHeader">
               <td width="100%">Name</td>
               <td nowrap="true">Started</td>
               <td nowrap="true">Duration</td>
               <td>Exception</td>
            </tr>
            <tr id="shopizer.PageSteps.BusinessPageTest_setUp_byClass_PASS1_row"
                class="testMethodStatusPASS testMethodStatusCONF">
               <td width="100%" class="firstMethodCell">
                  <a onclick="toggleDetailsVisibility('shopizer.PageSteps.BusinessPageTest_setUp_byClass_PASS1_details')">setUp()</a>
               </td>
               <td nowrap="true">10:33:10</td>
               <td nowrap="true" align="right">15s
                  
               </td>
               <td nowrap="true">
                   
                  
               </td>
            </tr>
            <tr>
               <td colspan="4" class="detailsBox">
                  <div id="shopizer.PageSteps.BusinessPageTest_setUp_byClass_PASS1_details"
                       class="testMethodDetails">
                     <div>
                        <b>Name: </b>setUp
                     </div>
                     <div>
                        <b>Signature: </b>setUp()[pri:0, instance:shopizer.PageSteps.BusinessPageTest@12843fce]
                     </div>
                     <div>
                        <b>Start time: </b>10:33:10
                     </div>
                     <div>
                        <b>End time: </b>10:33:26
                     </div>
                     <div>
                        <b>Duration: </b>15s
                        
                     </div>
                  </div>
               </td>
            </tr>
            <tr></tr>
            <tr id="shopizer.PageSteps.BusinessPageTest_TC_002_Verify_Search_ByPrice_byClass_PASS2_row"
                class="testMethodStatusPASS">
               <td width="100%" class="firstMethodCell">
                  <a onclick="toggleDetailsVisibility('shopizer.PageSteps.BusinessPageTest_TC_002_Verify_Search_ByPrice_byClass_PASS2_details')">TC_002_Verify_Search_ByPrice(SORTFILTER
                     
                     ,
                     
                     Price)
                  </a>
               </td>
               <td nowrap="true">10:33:26</td>
               <td nowrap="true" align="right">2s
                  
               </td>
               <td nowrap="true">
                   
                  
               </td>
            </tr>
            <tr>
               <td colspan="4" class="detailsBox">
                  <div id="shopizer.PageSteps.BusinessPageTest_TC_002_Verify_Search_ByPrice_byClass_PASS2_details"
                       class="testMethodDetails">
                     <div>
                        <b>Name: </b>TC_002_Verify_Search_ByPrice
                     </div>
                     <div>
                        <b>Signature: </b>TC_002_Verify_Search_ByPrice(java.lang.String, java.lang.String)[pri:0, instance:shopizer.PageSteps.BusinessPageTest@12843fce]
                     </div>
                     <div>
                        <b>Parameters: </b>
                        
                        SORTFILTER
                        
                        ,
                        
                        Price
                        
                        
                     </div>
                     <div>
                        <b>Start time: </b>10:33:26
                     </div>
                     <div>
                        <b>End time: </b>10:33:28
                     </div>
                     <div>
                        <b>Duration: </b>2s
                        
                     </div>
                  </div>
               </td>
            </tr>
            <tr></tr>
            <tr id="shopizer.PageSteps.BusinessPageTest_TC_003_Verify_Search_By_entering_min_max_price_byClass_PASS3_row"
                class="testMethodStatusPASS">
               <td width="100%" class="firstMethodCell">
                  <a onclick="toggleDetailsVisibility('shopizer.PageSteps.BusinessPageTest_TC_003_Verify_Search_By_entering_min_max_price_byClass_PASS3_details')">TC_003_Verify_Search_By_entering_min_max_price(SORTFILTER
                     
                     ,
                     
                     Price
                     
                     ,
                     
                     15
                     
                     ,
                     
                     40)
                  </a>
               </td>
               <td nowrap="true">10:33:28</td>
               <td nowrap="true" align="right">24s
                  
               </td>
               <td nowrap="true">
                   
                  
               </td>
            </tr>
            <tr>
               <td colspan="4" class="detailsBox">
                  <div id="shopizer.PageSteps.BusinessPageTest_TC_003_Verify_Search_By_entering_min_max_price_byClass_PASS3_details"
                       class="testMethodDetails">
                     <div>
                        <b>Name: </b>TC_003_Verify_Search_By_entering_min_max_price
                     </div>
                     <div>
                        <b>Signature: </b>TC_003_Verify_Search_By_entering_min_max_price(java.lang.String, java.lang.String, java.lang.String, java.lang.String)[pri:0,
                        instance:shopizer.PageSteps.BusinessPageTest@12843fce]
                     </div>
                     <div>
                        <b>Parameters: </b>
                        
                        SORTFILTER
                        
                        ,
                        
                        Price
                        
                        ,
                        
                        15
                        
                        ,
                        
                        40
                        
                        
                     </div>
                     <div>
                        <b>Start time: </b>10:33:28
                     </div>
                     <div>
                        <b>End time: </b>10:33:53
                     </div>
                     <div>
                        <b>Duration: </b>24s
                        
                     </div>
                  </div>
               </td>
            </tr>
            <tr></tr>
            <tr id="shopizer.PageSteps.BusinessPageTest_TC_004_Verify_ItemOrder_Completion_byClass_PASS4_row"
                class="testMethodStatusPASS">
               <td width="100%" class="firstMethodCell">
                  <a onclick="toggleDetailsVisibility('shopizer.PageSteps.BusinessPageTest_TC_004_Verify_ItemOrder_Completion_byClass_PASS4_details')">TC_004_Verify_ItemOrder_Completion(The Big Switch
                     
                     ,
                     
                     1001)
                  </a>
               </td>
               <td nowrap="true">10:33:53</td>
               <td nowrap="true" align="right">41s
                  
               </td>
               <td nowrap="true">
                   
                  
               </td>
            </tr>
            <tr>
               <td colspan="4" class="detailsBox">
                  <div id="shopizer.PageSteps.BusinessPageTest_TC_004_Verify_ItemOrder_Completion_byClass_PASS4_details"
                       class="testMethodDetails">
                     <div>
                        <b>Name: </b>TC_004_Verify_ItemOrder_Completion
                     </div>
                     <div>
                        <b>Signature: </b>TC_004_Verify_ItemOrder_Completion(java.lang.String, java.lang.String)[pri:0, instance:shopizer.PageSteps.BusinessPageTest@12843fce]
                     </div>
                     <div>
                        <b>Parameters: </b>
                        
                        The Big Switch
                        
                        ,
                        
                        1001
                        
                        
                     </div>
                     <div>
                        <b>Start time: </b>10:33:53
                     </div>
                     <div>
                        <b>End time: </b>10:34:35
                     </div>
                     <div>
                        <b>Duration: </b>41s
                        
                     </div>
                  </div>
               </td>
            </tr>
            <tr></tr>
            <tr id="shopizer.PageSteps.BusinessPageTest_TC_005_Verify_publisherLink_byClass_PASS5_row"
                class="testMethodStatusPASS">
               <td width="100%" class="firstMethodCell">
                  <a onclick="toggleDetailsVisibility('shopizer.PageSteps.BusinessPageTest_TC_005_Verify_publisherLink_byClass_PASS5_details')">TC_005_Verify_publisherLink(Novells publishing)</a>
               </td>
               <td nowrap="true">10:34:35</td>
               <td nowrap="true" align="right">1s
                  
               </td>
               <td nowrap="true">
                   
                  
               </td>
            </tr>
            <tr>
               <td colspan="4" class="detailsBox">
                  <div id="shopizer.PageSteps.BusinessPageTest_TC_005_Verify_publisherLink_byClass_PASS5_details"
                       class="testMethodDetails">
                     <div>
                        <b>Name: </b>TC_005_Verify_publisherLink
                     </div>
                     <div>
                        <b>Signature: </b>TC_005_Verify_publisherLink(java.lang.String)[pri:0, instance:shopizer.PageSteps.BusinessPageTest@12843fce]
                     </div>
                     <div>
                        <b>Parameters: </b>
                        
                        Novells publishing
                        
                        
                     </div>
                     <div>
                        <b>Start time: </b>10:34:35
                     </div>
                     <div>
                        <b>End time: </b>10:34:36
                     </div>
                     <div>
                        <b>Duration: </b>1s
                        
                     </div>
                  </div>
               </td>
            </tr>
            <tr></tr>
            <tr id="shopizer.PageSteps.BusinessPageTest_TC_006_Verify_AllPublisherLink_byClass_PASS6_row"
                class="testMethodStatusPASS">
               <td width="100%" class="firstMethodCell">
                  <a onclick="toggleDetailsVisibility('shopizer.PageSteps.BusinessPageTest_TC_006_Verify_AllPublisherLink_byClass_PASS6_details')">TC_006_Verify_AllPublisherLink()</a>
               </td>
               <td nowrap="true">10:34:36</td>
               <td nowrap="true" align="right">581 ms
                  
               </td>
               <td nowrap="true">
                   
                  
               </td>
            </tr>
            <tr>
               <td colspan="4" class="detailsBox">
                  <div id="shopizer.PageSteps.BusinessPageTest_TC_006_Verify_AllPublisherLink_byClass_PASS6_details"
                       class="testMethodDetails">
                     <div>
                        <b>Name: </b>TC_006_Verify_AllPublisherLink
                     </div>
                     <div>
                        <b>Signature: </b>TC_006_Verify_AllPublisherLink()[pri:0, instance:shopizer.PageSteps.BusinessPageTest@12843fce]
                     </div>
                     <div>
                        <b>Start time: </b>10:34:36
                     </div>
                     <div>
                        <b>End time: </b>10:34:37
                     </div>
                     <div>
                        <b>Duration: </b>581 ms
                        
                     </div>
                  </div>
               </td>
            </tr>
            <tr></tr>
            <tr id="shopizer.PageSteps.BusinessPageTest_TC_007_Verify_facebook_share_link_byClass_PASS7_row"
                class="testMethodStatusPASS">
               <td width="100%" class="firstMethodCell">
                  <a onclick="toggleDetailsVisibility('shopizer.PageSteps.BusinessPageTest_TC_007_Verify_facebook_share_link_byClass_PASS7_details')">TC_007_Verify_facebook_share_link(The Big Switch)</a>
               </td>
               <td nowrap="true">10:34:37</td>
               <td nowrap="true" align="right">12s
                  
               </td>
               <td nowrap="true">
                   
                  
               </td>
            </tr>
            <tr>
               <td colspan="4" class="detailsBox">
                  <div id="shopizer.PageSteps.BusinessPageTest_TC_007_Verify_facebook_share_link_byClass_PASS7_details"
                       class="testMethodDetails">
                     <div>
                        <b>Name: </b>TC_007_Verify_facebook_share_link
                     </div>
                     <div>
                        <b>Signature: </b>TC_007_Verify_facebook_share_link(java.lang.String)[pri:0, instance:shopizer.PageSteps.BusinessPageTest@12843fce]
                     </div>
                     <div>
                        <b>Parameters: </b>
                        
                        The Big Switch
                        
                        
                     </div>
                     <div>
                        <b>Start time: </b>10:34:37
                     </div>
                     <div>
                        <b>End time: </b>10:34:49
                     </div>
                     <div>
                        <b>Duration: </b>12s
                        
                     </div>
                  </div>
               </td>
            </tr>
            <tr></tr>
            <tr id="shopizer.PageSteps.BusinessPageTest_TC_01_Verify_Book_Search_ByName_byClass_PASS8_row"
                class="testMethodStatusPASS">
               <td width="100%" class="firstMethodCell">
                  <a onclick="toggleDetailsVisibility('shopizer.PageSteps.BusinessPageTest_TC_01_Verify_Book_Search_ByName_byClass_PASS8_details')">TC_01_Verify_Book_Search_ByName(SORTFILTER
                     
                     ,
                     
                     Name)
                  </a>
               </td>
               <td nowrap="true">10:34:49</td>
               <td nowrap="true" align="right">85 ms
                  
               </td>
               <td nowrap="true">
                   
                  
               </td>
            </tr>
            <tr>
               <td colspan="4" class="detailsBox">
                  <div id="shopizer.PageSteps.BusinessPageTest_TC_01_Verify_Book_Search_ByName_byClass_PASS8_details"
                       class="testMethodDetails">
                     <div>
                        <b>Name: </b>TC_01_Verify_Book_Search_ByName
                     </div>
                     <div>
                        <b>Signature: </b>TC_01_Verify_Book_Search_ByName(java.lang.String, java.lang.String)[pri:0, instance:shopizer.PageSteps.BusinessPageTest@12843fce]
                     </div>
                     <div>
                        <b>Parameters: </b>
                        
                        SORTFILTER
                        
                        ,
                        
                        Name
                        
                        
                     </div>
                     <div>
                        <b>Start time: </b>10:34:49
                     </div>
                     <div>
                        <b>End time: </b>10:34:49
                     </div>
                     <div>
                        <b>Duration: </b>85 ms
                        
                     </div>
                  </div>
               </td>
            </tr>
            <tr></tr>
            <tr id="shopizer.PageSteps.BusinessPageTest_closeBrowser_byClass_PASS9_row"
                class="testMethodStatusPASS testMethodStatusCONF">
               <td width="100%" class="firstMethodCell">
                  <a onclick="toggleDetailsVisibility('shopizer.PageSteps.BusinessPageTest_closeBrowser_byClass_PASS9_details')">closeBrowser()</a>
               </td>
               <td nowrap="true">10:34:49</td>
               <td nowrap="true" align="right">82 ms
                  
               </td>
               <td nowrap="true">
                   
                  
               </td>
            </tr>
            <tr>
               <td colspan="4" class="detailsBox">
                  <div id="shopizer.PageSteps.BusinessPageTest_closeBrowser_byClass_PASS9_details"
                       class="testMethodDetails">
                     <div>
                        <b>Name: </b>closeBrowser
                     </div>
                     <div>
                        <b>Signature: </b>closeBrowser()[pri:0, instance:shopizer.PageSteps.BusinessPageTest@12843fce]
                     </div>
                     <div>
                        <b>Start time: </b>10:34:49
                     </div>
                     <div>
                        <b>End time: </b>10:34:49
                     </div>
                     <div>
                        <b>Duration: </b>82 ms
                        
                     </div>
                  </div>
               </td>
            </tr>
            <tr></tr>
         </table>
         <br></br>
         <table class="testMethodsTable" cellpadding="0" cellspacing="0">
            <tr>
               <td colspan="4">
                  <h3 style="display: inline;">shopizer.PageSteps.ComputerBooksPageTest</h3>
               </td>
            </tr>
            <tr class="methodsTableHeader">
               <td width="100%">Name</td>
               <td nowrap="true">Started</td>
               <td nowrap="true">Duration</td>
               <td>Exception</td>
            </tr>
            <tr id="shopizer.PageSteps.ComputerBooksPageTest_setUp_byClass_PASS1_row"
                class="testMethodStatusPASS testMethodStatusCONF">
               <td width="100%" class="firstMethodCell">
                  <a onclick="toggleDetailsVisibility('shopizer.PageSteps.ComputerBooksPageTest_setUp_byClass_PASS1_details')">setUp()</a>
               </td>
               <td nowrap="true">10:31:25</td>
               <td nowrap="true" align="right">16s
                  
               </td>
               <td nowrap="true">
                   
                  
               </td>
            </tr>
            <tr>
               <td colspan="4" class="detailsBox">
                  <div id="shopizer.PageSteps.ComputerBooksPageTest_setUp_byClass_PASS1_details"
                       class="testMethodDetails">
                     <div>
                        <b>Name: </b>setUp
                     </div>
                     <div>
                        <b>Signature: </b>setUp()[pri:0, instance:shopizer.PageSteps.ComputerBooksPageTest@735b478]
                     </div>
                     <div>
                        <b>Start time: </b>10:31:25
                     </div>
                     <div>
                        <b>End time: </b>10:31:42
                     </div>
                     <div>
                        <b>Duration: </b>16s
                        
                     </div>
                  </div>
               </td>
            </tr>
            <tr></tr>
            <tr id="shopizer.PageSteps.ComputerBooksPageTest_TC_001_Verify_Search_ByName_byClass_FAIL2_row"
                class="testMethodStatusFAIL">
               <td width="100%" class="firstMethodCell">
                  <a onclick="toggleDetailsVisibility('shopizer.PageSteps.ComputerBooksPageTest_TC_001_Verify_Search_ByName_byClass_FAIL2_details')">TC_001_Verify_Search_ByName(SORTFILTER
                     
                     ,
                     
                     Name)
                  </a>
               </td>
               <td nowrap="true">10:31:42</td>
               <td nowrap="true" align="right">3s
                  
               </td>
               <td nowrap="true">
                  <a onclick="toggleDetailsVisibility('shopizer.PageSteps.ComputerBooksPageTest_TC_001_Verify_Search_ByName_byClass_FAIL2_exception')">java.lang.AssertionError: 
                     expected [true] but found [false]
                     
                  </a>
                   
                  
               </td>
            </tr>
            <tr>
               <td colspan="4" class="detailsBox">
                  <div id="shopizer.PageSteps.ComputerBooksPageTest_TC_001_Verify_Search_ByName_byClass_FAIL2_details"
                       class="testMethodDetails">
                     <div>
                        <b>Name: </b>TC_001_Verify_Search_ByName
                     </div>
                     <div>
                        <b>Signature: </b>TC_001_Verify_Search_ByName(java.lang.String, java.lang.String)[pri:0, instance:shopizer.PageSteps.ComputerBooksPageTest@735b478]
                     </div>
                     <div>
                        <b>Parameters: </b>
                        
                        SORTFILTER
                        
                        ,
                        
                        Name
                        
                        
                     </div>
                     <div>
                        <b>Start time: </b>10:31:42
                     </div>
                     <div>
                        <b>End time: </b>10:31:45
                     </div>
                     <div>
                        <b>Duration: </b>3s
                        
                     </div>
                  </div>
               </td>
            </tr>
            <tr>
               <td colspan="4" class="detailsBox">
                  <div id="shopizer.PageSteps.ComputerBooksPageTest_TC_001_Verify_Search_ByName_byClass_FAIL2_exception"
                       class="testMethodDetails">
                     <pre style="padding: 5px; margin: 0;">java.lang.AssertionError: expected [true] but found [false]
                        	at org.testng.Assert.fail(Assert.java:94)
                        	at org.testng.Assert.failNotEquals(Assert.java:494)
                        	at org.testng.Assert.assertTrue(Assert.java:42)
                        	at org.testng.Assert.assertTrue(Assert.java:52)
                        	at shopizer.PageSteps.ComputerBooksPageTest.TC_001_Verify_Search_ByName(ComputerBooksPageTest.java:66)
                        	at sun.reflect.NativeMethodAccessorImpl.invoke0(Native Method)
                        	at sun.reflect.NativeMethodAccessorImpl.invoke(NativeMethodAccessorImpl.java:62)
                        	at sun.reflect.DelegatingMethodAccessorImpl.invoke(DelegatingMethodAccessorImpl.java:43)
                        	at java.lang.reflect.Method.invoke(Method.java:498)
                        	at org.testng.internal.MethodInvocationHelper.invokeMethod(MethodInvocationHelper.java:85)
                        	at org.testng.internal.Invoker.invokeMethod(Invoker.java:696)
                        	at org.testng.internal.Invoker.invokeTestMethod(Invoker.java:882)
                        	at org.testng.internal.Invoker.invokeTestMethods(Invoker.java:1189)
                        	at org.testng.internal.TestMethodWorker.invokeTestMethods(TestMethodWorker.java:124)
                        	at org.testng.internal.TestMethodWorker.run(TestMethodWorker.java:108)
                        	at org.testng.TestRunner.privateRun(TestRunner.java:767)
                        	at org.testng.TestRunner.run(TestRunner.java:617)
                        	at org.testng.SuiteRunner.runTest(SuiteRunner.java:348)
                        	at org.testng.SuiteRunner.runSequentially(SuiteRunner.java:343)
                        	at org.testng.SuiteRunner.privateRun(SuiteRunner.java:305)
                        	at org.testng.SuiteRunner.run(SuiteRunner.java:254)
                        	at org.testng.SuiteRunnerWorker.runSuite(SuiteRunnerWorker.java:52)
                        	at org.testng.SuiteRunnerWorker.run(SuiteRunnerWorker.java:86)
                        	at org.testng.TestNG.runSuitesSequentially(TestNG.java:1224)
                        	at org.testng.TestNG.runSuitesLocally(TestNG.java:1149)
                        	at org.testng.TestNG.run(TestNG.java:1057)
                        	at org.apache.maven.surefire.testng.TestNGExecutor.run(TestNGExecutor.java:281)
                        	at org.apache.maven.surefire.testng.TestNGXmlTestSuite.execute(TestNGXmlTestSuite.java:75)
                        	at org.apache.maven.surefire.testng.TestNGProvider.invoke(TestNGProvider.java:121)
                        	at org.apache.maven.surefire.booter.ForkedBooter.invokeProviderInSameClassLoader(ForkedBooter.java:290)
                        	at org.apache.maven.surefire.booter.ForkedBooter.runSuitesInProcess(ForkedBooter.java:242)
                        	at org.apache.maven.surefire.booter.ForkedBooter.main(ForkedBooter.java:121)
                     </pre>
                  </div>
               </td>
            </tr>
            <tr id="shopizer.PageSteps.ComputerBooksPageTest_TC_002_Verify_Search_ByPrice_byClass_FAIL3_row"
                class="testMethodStatusFAIL">
               <td width="100%" class="firstMethodCell">
                  <a onclick="toggleDetailsVisibility('shopizer.PageSteps.ComputerBooksPageTest_TC_002_Verify_Search_ByPrice_byClass_FAIL3_details')">TC_002_Verify_Search_ByPrice(SORTFILTER
                     
                     ,
                     
                     Price)
                  </a>
               </td>
               <td nowrap="true">10:31:45</td>
               <td nowrap="true" align="right">2s
                  
               </td>
               <td nowrap="true">
                  <a onclick="toggleDetailsVisibility('shopizer.PageSteps.ComputerBooksPageTest_TC_002_Verify_Search_ByPrice_byClass_FAIL3_exception')">java.lang.AssertionError: 
                     expected [true] but found [false]
                     
                  </a>
                   
                  
               </td>
            </tr>
            <tr>
               <td colspan="4" class="detailsBox">
                  <div id="shopizer.PageSteps.ComputerBooksPageTest_TC_002_Verify_Search_ByPrice_byClass_FAIL3_details"
                       class="testMethodDetails">
                     <div>
                        <b>Name: </b>TC_002_Verify_Search_ByPrice
                     </div>
                     <div>
                        <b>Signature: </b>TC_002_Verify_Search_ByPrice(java.lang.String, java.lang.String)[pri:0, instance:shopizer.PageSteps.ComputerBooksPageTest@735b478]
                     </div>
                     <div>
                        <b>Parameters: </b>
                        
                        SORTFILTER
                        
                        ,
                        
                        Price
                        
                        
                     </div>
                     <div>
                        <b>Start time: </b>10:31:45
                     </div>
                     <div>
                        <b>End time: </b>10:31:48
                     </div>
                     <div>
                        <b>Duration: </b>2s
                        
                     </div>
                  </div>
               </td>
            </tr>
            <tr>
               <td colspan="4" class="detailsBox">
                  <div id="shopizer.PageSteps.ComputerBooksPageTest_TC_002_Verify_Search_ByPrice_byClass_FAIL3_exception"
                       class="testMethodDetails">
                     <pre style="padding: 5px; margin: 0;">java.lang.AssertionError: expected [true] but found [false]
                        	at org.testng.Assert.fail(Assert.java:94)
                        	at org.testng.Assert.failNotEquals(Assert.java:494)
                        	at org.testng.Assert.assertTrue(Assert.java:42)
                        	at org.testng.Assert.assertTrue(Assert.java:52)
                        	at shopizer.PageSteps.ComputerBooksPageTest.TC_002_Verify_Search_ByPrice(ComputerBooksPageTest.java:87)
                        	at sun.reflect.NativeMethodAccessorImpl.invoke0(Native Method)
                        	at sun.reflect.NativeMethodAccessorImpl.invoke(NativeMethodAccessorImpl.java:62)
                        	at sun.reflect.DelegatingMethodAccessorImpl.invoke(DelegatingMethodAccessorImpl.java:43)
                        	at java.lang.reflect.Method.invoke(Method.java:498)
                        	at org.testng.internal.MethodInvocationHelper.invokeMethod(MethodInvocationHelper.java:85)
                        	at org.testng.internal.Invoker.invokeMethod(Invoker.java:696)
                        	at org.testng.internal.Invoker.invokeTestMethod(Invoker.java:882)
                        	at org.testng.internal.Invoker.invokeTestMethods(Invoker.java:1189)
                        	at org.testng.internal.TestMethodWorker.invokeTestMethods(TestMethodWorker.java:124)
                        	at org.testng.internal.TestMethodWorker.run(TestMethodWorker.java:108)
                        	at org.testng.TestRunner.privateRun(TestRunner.java:767)
                        	at org.testng.TestRunner.run(TestRunner.java:617)
                        	at org.testng.SuiteRunner.runTest(SuiteRunner.java:348)
                        	at org.testng.SuiteRunner.runSequentially(SuiteRunner.java:343)
                        	at org.testng.SuiteRunner.privateRun(SuiteRunner.java:305)
                        	at org.testng.SuiteRunner.run(SuiteRunner.java:254)
                        	at org.testng.SuiteRunnerWorker.runSuite(SuiteRunnerWorker.java:52)
                        	at org.testng.SuiteRunnerWorker.run(SuiteRunnerWorker.java:86)
                        	at org.testng.TestNG.runSuitesSequentially(TestNG.java:1224)
                        	at org.testng.TestNG.runSuitesLocally(TestNG.java:1149)
                        	at org.testng.TestNG.run(TestNG.java:1057)
                        	at org.apache.maven.surefire.testng.TestNGExecutor.run(TestNGExecutor.java:281)
                        	at org.apache.maven.surefire.testng.TestNGXmlTestSuite.execute(TestNGXmlTestSuite.java:75)
                        	at org.apache.maven.surefire.testng.TestNGProvider.invoke(TestNGProvider.java:121)
                        	at org.apache.maven.surefire.booter.ForkedBooter.invokeProviderInSameClassLoader(ForkedBooter.java:290)
                        	at org.apache.maven.surefire.booter.ForkedBooter.runSuitesInProcess(ForkedBooter.java:242)
                        	at org.apache.maven.surefire.booter.ForkedBooter.main(ForkedBooter.java:121)
                     </pre>
                  </div>
               </td>
            </tr>
            <tr id="shopizer.PageSteps.ComputerBooksPageTest_TC_003_Verify_Search_By_entering_min_max_price_byClass_PASS4_row"
                class="testMethodStatusPASS">
               <td width="100%" class="firstMethodCell">
                  <a onclick="toggleDetailsVisibility('shopizer.PageSteps.ComputerBooksPageTest_TC_003_Verify_Search_By_entering_min_max_price_byClass_PASS4_details')">TC_003_Verify_Search_By_entering_min_max_price(SORTFILTER
                     
                     ,
                     
                     Price
                     
                     ,
                     
                     20
                     
                     ,
                     
                     40)
                  </a>
               </td>
               <td nowrap="true">10:31:48</td>
               <td nowrap="true" align="right">25s
                  
               </td>
               <td nowrap="true">
                   
                  
               </td>
            </tr>
            <tr>
               <td colspan="4" class="detailsBox">
                  <div id="shopizer.PageSteps.ComputerBooksPageTest_TC_003_Verify_Search_By_entering_min_max_price_byClass_PASS4_details"
                       class="testMethodDetails">
                     <div>
                        <b>Name: </b>TC_003_Verify_Search_By_entering_min_max_price
                     </div>
                     <div>
                        <b>Signature: </b>TC_003_Verify_Search_By_entering_min_max_price(java.lang.String, java.lang.String, java.lang.String, java.lang.String)[pri:0,
                        instance:shopizer.PageSteps.ComputerBooksPageTest@735b478]
                     </div>
                     <div>
                        <b>Parameters: </b>
                        
                        SORTFILTER
                        
                        ,
                        
                        Price
                        
                        ,
                        
                        20
                        
                        ,
                        
                        40
                        
                        
                     </div>
                     <div>
                        <b>Start time: </b>10:31:48
                     </div>
                     <div>
                        <b>End time: </b>10:32:13
                     </div>
                     <div>
                        <b>Duration: </b>25s
                        
                     </div>
                  </div>
               </td>
            </tr>
            <tr></tr>
            <tr id="shopizer.PageSteps.ComputerBooksPageTest_TC_004_Verify_ItemOrder_Completion_byClass_PASS5_row"
                class="testMethodStatusPASS">
               <td width="100%" class="firstMethodCell">
                  <a onclick="toggleDetailsVisibility('shopizer.PageSteps.ComputerBooksPageTest_TC_004_Verify_ItemOrder_Completion_byClass_PASS5_details')">TC_004_Verify_ItemOrder_Completion(Node Web Development
                     
                     ,
                     
                     1001)
                  </a>
               </td>
               <td nowrap="true">10:32:13</td>
               <td nowrap="true" align="right">43s
                  
               </td>
               <td nowrap="true">
                   
                  
               </td>
            </tr>
            <tr>
               <td colspan="4" class="detailsBox">
                  <div id="shopizer.PageSteps.ComputerBooksPageTest_TC_004_Verify_ItemOrder_Completion_byClass_PASS5_details"
                       class="testMethodDetails">
                     <div>
                        <b>Name: </b>TC_004_Verify_ItemOrder_Completion
                     </div>
                     <div>
                        <b>Signature: </b>TC_004_Verify_ItemOrder_Completion(java.lang.String, java.lang.String)[pri:0, instance:shopizer.PageSteps.ComputerBooksPageTest@735b478]
                     </div>
                     <div>
                        <b>Parameters: </b>
                        
                        Node Web Development
                        
                        ,
                        
                        1001
                        
                        
                     </div>
                     <div>
                        <b>Start time: </b>10:32:13
                     </div>
                     <div>
                        <b>End time: </b>10:32:57
                     </div>
                     <div>
                        <b>Duration: </b>43s
                        
                     </div>
                  </div>
               </td>
            </tr>
            <tr></tr>
            <tr id="shopizer.PageSteps.ComputerBooksPageTest_TC_005_Verify_publisherLink_byClass_PASS6_row"
                class="testMethodStatusPASS">
               <td width="100%" class="firstMethodCell">
                  <a onclick="toggleDetailsVisibility('shopizer.PageSteps.ComputerBooksPageTest_TC_005_Verify_publisherLink_byClass_PASS6_details')">TC_005_Verify_publisherLink(Sams)</a>
               </td>
               <td nowrap="true">10:32:57</td>
               <td nowrap="true" align="right">1s
                  
               </td>
               <td nowrap="true">
                   
                  
               </td>
            </tr>
            <tr>
               <td colspan="4" class="detailsBox">
                  <div id="shopizer.PageSteps.ComputerBooksPageTest_TC_005_Verify_publisherLink_byClass_PASS6_details"
                       class="testMethodDetails">
                     <div>
                        <b>Name: </b>TC_005_Verify_publisherLink
                     </div>
                     <div>
                        <b>Signature: </b>TC_005_Verify_publisherLink(java.lang.String)[pri:0, instance:shopizer.PageSteps.ComputerBooksPageTest@735b478]
                     </div>
                     <div>
                        <b>Parameters: </b>
                        
                        Sams
                        
                        
                     </div>
                     <div>
                        <b>Start time: </b>10:32:57
                     </div>
                     <div>
                        <b>End time: </b>10:32:59
                     </div>
                     <div>
                        <b>Duration: </b>1s
                        
                     </div>
                  </div>
               </td>
            </tr>
            <tr></tr>
            <tr id="shopizer.PageSteps.ComputerBooksPageTest_TC_006_Verify_AllPublisherLink_byClass_PASS7_row"
                class="testMethodStatusPASS">
               <td width="100%" class="firstMethodCell">
                  <a onclick="toggleDetailsVisibility('shopizer.PageSteps.ComputerBooksPageTest_TC_006_Verify_AllPublisherLink_byClass_PASS7_details')">TC_006_Verify_AllPublisherLink()</a>
               </td>
               <td nowrap="true">10:32:59</td>
               <td nowrap="true" align="right">679 ms
                  
               </td>
               <td nowrap="true">
                   
                  
               </td>
            </tr>
            <tr>
               <td colspan="4" class="detailsBox">
                  <div id="shopizer.PageSteps.ComputerBooksPageTest_TC_006_Verify_AllPublisherLink_byClass_PASS7_details"
                       class="testMethodDetails">
                     <div>
                        <b>Name: </b>TC_006_Verify_AllPublisherLink
                     </div>
                     <div>
                        <b>Signature: </b>TC_006_Verify_AllPublisherLink()[pri:0, instance:shopizer.PageSteps.ComputerBooksPageTest@735b478]
                     </div>
                     <div>
                        <b>Start time: </b>10:32:59
                     </div>
                     <div>
                        <b>End time: </b>10:33:00
                     </div>
                     <div>
                        <b>Duration: </b>679 ms
                        
                     </div>
                  </div>
               </td>
            </tr>
            <tr></tr>
            <tr id="shopizer.PageSteps.ComputerBooksPageTest_closeDriver_byClass_PASS8_row"
                class="testMethodStatusPASS testMethodStatusCONF">
               <td width="100%" class="firstMethodCell">
                  <a onclick="toggleDetailsVisibility('shopizer.PageSteps.ComputerBooksPageTest_closeDriver_byClass_PASS8_details')">closeDriver()</a>
               </td>
               <td nowrap="true">10:33:00</td>
               <td nowrap="true" align="right">10s
                  
               </td>
               <td nowrap="true">
                   
                  
               </td>
            </tr>
            <tr>
               <td colspan="4" class="detailsBox">
                  <div id="shopizer.PageSteps.ComputerBooksPageTest_closeDriver_byClass_PASS8_details"
                       class="testMethodDetails">
                     <div>
                        <b>Name: </b>closeDriver
                     </div>
                     <div>
                        <b>Signature: </b>closeDriver()[pri:0, instance:shopizer.PageSteps.ComputerBooksPageTest@735b478]
                     </div>
                     <div>
                        <b>Start time: </b>10:33:00
                     </div>
                     <div>
                        <b>End time: </b>10:33:10
                     </div>
                     <div>
                        <b>Duration: </b>10s
                        
                     </div>
                  </div>
               </td>
            </tr>
            <tr></tr>
         </table>
         <br></br>
         <table class="testMethodsTable" cellpadding="0" cellspacing="0">
            <tr>
               <td colspan="4">
                  <h3 style="display: inline;">shopizer.PageSteps.ContactPageTest</h3>
               </td>
            </tr>
            <tr class="methodsTableHeader">
               <td width="100%">Name</td>
               <td nowrap="true">Started</td>
               <td nowrap="true">Duration</td>
               <td>Exception</td>
            </tr>
            <tr id="shopizer.PageSteps.ContactPageTest_setUp_byClass_PASS1_row"
                class="testMethodStatusPASS testMethodStatusCONF">
               <td width="100%" class="firstMethodCell">
                  <a onclick="toggleDetailsVisibility('shopizer.PageSteps.ContactPageTest_setUp_byClass_PASS1_details')">setUp()</a>
               </td>
               <td nowrap="true">10:34:49</td>
               <td nowrap="true" align="right">16s
                  
               </td>
               <td nowrap="true">
                   
                  
               </td>
            </tr>
            <tr>
               <td colspan="4" class="detailsBox">
                  <div id="shopizer.PageSteps.ContactPageTest_setUp_byClass_PASS1_details"
                       class="testMethodDetails">
                     <div>
                        <b>Name: </b>setUp
                     </div>
                     <div>
                        <b>Signature: </b>setUp()[pri:0, instance:shopizer.PageSteps.ContactPageTest@13a57a3b]
                     </div>
                     <div>
                        <b>Start time: </b>10:34:49
                     </div>
                     <div>
                        <b>End time: </b>10:35:05
                     </div>
                     <div>
                        <b>Duration: </b>16s
                        
                     </div>
                  </div>
               </td>
            </tr>
            <tr></tr>
            <tr id="shopizer.PageSteps.ContactPageTest_TC_001_Verify_That_UserCan_sent_query_on_ContactUs_Page_byClass_PASS2_row"
                class="testMethodStatusPASS">
               <td width="100%" class="firstMethodCell">
                  <a onclick="toggleDetailsVisibility('shopizer.PageSteps.ContactPageTest_TC_001_Verify_That_UserCan_sent_query_on_ContactUs_Page_byClass_PASS2_details')">TC_001_Verify_That_UserCan_sent_query_on_ContactUs_Page()</a>
               </td>
               <td nowrap="true">10:35:05</td>
               <td nowrap="true" align="right">45s
                  
               </td>
               <td nowrap="true">
                   
                  
               </td>
            </tr>
            <tr>
               <td colspan="4" class="detailsBox">
                  <div id="shopizer.PageSteps.ContactPageTest_TC_001_Verify_That_UserCan_sent_query_on_ContactUs_Page_byClass_PASS2_details"
                       class="testMethodDetails">
                     <div>
                        <b>Name: </b>TC_001_Verify_That_UserCan_sent_query_on_ContactUs_Page
                     </div>
                     <div>
                        <b>Signature: </b>TC_001_Verify_That_UserCan_sent_query_on_ContactUs_Page()[pri:0, instance:shopizer.PageSteps.ContactPageTest@13a57a3b]
                     </div>
                     <div>
                        <b>Start time: </b>10:35:05
                     </div>
                     <div>
                        <b>End time: </b>10:35:51
                     </div>
                     <div>
                        <b>Duration: </b>45s
                        
                     </div>
                  </div>
               </td>
            </tr>
            <tr></tr>
            <tr id="shopizer.PageSteps.ContactPageTest_closeBrowser_byClass_PASS3_row"
                class="testMethodStatusPASS testMethodStatusCONF">
               <td width="100%" class="firstMethodCell">
                  <a onclick="toggleDetailsVisibility('shopizer.PageSteps.ContactPageTest_closeBrowser_byClass_PASS3_details')">closeBrowser()</a>
               </td>
               <td nowrap="true">10:35:51</td>
               <td nowrap="true" align="right">5s
                  
               </td>
               <td nowrap="true">
                   
                  
               </td>
            </tr>
            <tr>
               <td colspan="4" class="detailsBox">
                  <div id="shopizer.PageSteps.ContactPageTest_closeBrowser_byClass_PASS3_details"
                       class="testMethodDetails">
                     <div>
                        <b>Name: </b>closeBrowser
                     </div>
                     <div>
                        <b>Signature: </b>closeBrowser()[pri:0, instance:shopizer.PageSteps.ContactPageTest@13a57a3b]
                     </div>
                     <div>
                        <b>Start time: </b>10:35:51
                     </div>
                     <div>
                        <b>End time: </b>10:35:56
                     </div>
                     <div>
                        <b>Duration: </b>5s
                        
                     </div>
                  </div>
               </td>
            </tr>
            <tr></tr>
         </table>
         <br></br>
         <table class="testMethodsTable" cellpadding="0" cellspacing="0">
            <tr>
               <td colspan="4">
                  <h3 style="display: inline;">shopizer.PageSteps.LoginSteps</h3>
               </td>
            </tr>
            <tr class="methodsTableHeader">
               <td width="100%">Name</td>
               <td nowrap="true">Started</td>
               <td nowrap="true">Duration</td>
               <td>Exception</td>
            </tr>
            <tr id="shopizer.PageSteps.LoginSteps_setUp_byClass_PASS1_row"
                class="testMethodStatusPASS testMethodStatusCONF">
               <td width="100%" class="firstMethodCell">
                  <a onclick="toggleDetailsVisibility('shopizer.PageSteps.LoginSteps_setUp_byClass_PASS1_details')">setUp()</a>
               </td>
               <td nowrap="true">10:31:01</td>
               <td nowrap="true" align="right">11s
                  
               </td>
               <td nowrap="true">
                   
                  
               </td>
            </tr>
            <tr>
               <td colspan="4" class="detailsBox">
                  <div id="shopizer.PageSteps.LoginSteps_setUp_byClass_PASS1_details"
                       class="testMethodDetails">
                     <div>
                        <b>Name: </b>setUp
                     </div>
                     <div>
                        <b>Signature: </b>setUp()[pri:0, instance:shopizer.PageSteps.LoginSteps@783e6358]
                     </div>
                     <div>
                        <b>Start time: </b>10:31:01
                     </div>
                     <div>
                        <b>End time: </b>10:31:12
                     </div>
                     <div>
                        <b>Duration: </b>11s
                        
                     </div>
                  </div>
               </td>
            </tr>
            <tr></tr>
            <tr id="shopizer.PageSteps.LoginSteps_loginTest_byClass_PASS2_row"
                class="testMethodStatusPASS">
               <td width="100%" class="firstMethodCell">
                  <a onclick="toggleDetailsVisibility('shopizer.PageSteps.LoginSteps_loginTest_byClass_PASS2_details')">loginTest()</a>
               </td>
               <td nowrap="true">10:31:13</td>
               <td nowrap="true" align="right">12s
                  
               </td>
               <td nowrap="true">
                   
                  
               </td>
            </tr>
            <tr>
               <td colspan="4" class="detailsBox">
                  <div id="shopizer.PageSteps.LoginSteps_loginTest_byClass_PASS2_details"
                       class="testMethodDetails">
                     <div>
                        <b>Name: </b>loginTest
                     </div>
                     <div>
                        <b>Signature: </b>loginTest()[pri:0, instance:shopizer.PageSteps.LoginSteps@783e6358]
                     </div>
                     <div>
                        <b>Start time: </b>10:31:13
                     </div>
                     <div>
                        <b>End time: </b>10:31:25
                     </div>
                     <div>
                        <b>Duration: </b>12s
                        
                     </div>
                  </div>
               </td>
            </tr>
            <tr></tr>
            <tr id="shopizer.PageSteps.LoginSteps_closeBrowser_byClass_PASS3_row"
                class="testMethodStatusPASS testMethodStatusCONF">
               <td width="100%" class="firstMethodCell">
                  <a onclick="toggleDetailsVisibility('shopizer.PageSteps.LoginSteps_closeBrowser_byClass_PASS3_details')">closeBrowser()</a>
               </td>
               <td nowrap="true">10:31:25</td>
               <td nowrap="true" align="right">155 ms
                  
               </td>
               <td nowrap="true">
                   
                  
               </td>
            </tr>
            <tr>
               <td colspan="4" class="detailsBox">
                  <div id="shopizer.PageSteps.LoginSteps_closeBrowser_byClass_PASS3_details"
                       class="testMethodDetails">
                     <div>
                        <b>Name: </b>closeBrowser
                     </div>
                     <div>
                        <b>Signature: </b>closeBrowser()[pri:0, instance:shopizer.PageSteps.LoginSteps@783e6358]
                     </div>
                     <div>
                        <b>Start time: </b>10:31:25
                     </div>
                     <div>
                        <b>End time: </b>10:31:25
                     </div>
                     <div>
                        <b>Duration: </b>155 ms
                        
                     </div>
                  </div>
               </td>
            </tr>
            <tr></tr>
         </table>
         <br></br>
         <table class="testMethodsTable" cellpadding="0" cellspacing="0">
            <tr>
               <td colspan="4">
                  <h3 style="display: inline;">shopizer.PageSteps.OrderReviewTest</h3>
               </td>
            </tr>
            <tr class="methodsTableHeader">
               <td width="100%">Name</td>
               <td nowrap="true">Started</td>
               <td nowrap="true">Duration</td>
               <td>Exception</td>
            </tr>
            <tr id="shopizer.PageSteps.OrderReviewTest_setUp_byClass_PASS1_row"
                class="testMethodStatusPASS testMethodStatusCONF">
               <td width="100%" class="firstMethodCell">
                  <a onclick="toggleDetailsVisibility('shopizer.PageSteps.OrderReviewTest_setUp_byClass_PASS1_details')">setUp()</a>
               </td>
               <td nowrap="true">10:35:56</td>
               <td nowrap="true" align="right">17s
                  
               </td>
               <td nowrap="true">
                   
                  
               </td>
            </tr>
            <tr>
               <td colspan="4" class="detailsBox">
                  <div id="shopizer.PageSteps.OrderReviewTest_setUp_byClass_PASS1_details"
                       class="testMethodDetails">
                     <div>
                        <b>Name: </b>setUp
                     </div>
                     <div>
                        <b>Signature: </b>setUp()[pri:0, instance:shopizer.PageSteps.OrderReviewTest@7946e1f4]
                     </div>
                     <div>
                        <b>Start time: </b>10:35:56
                     </div>
                     <div>
                        <b>End time: </b>10:36:13
                     </div>
                     <div>
                        <b>Duration: </b>17s
                        
                     </div>
                  </div>
               </td>
            </tr>
            <tr></tr>
            <tr id="shopizer.PageSteps.OrderReviewTest_TC_01_Verify_that_item_added_to_cart_byClass_PASS2_row"
                class="testMethodStatusPASS">
               <td width="100%" class="firstMethodCell">
                  <a onclick="toggleDetailsVisibility('shopizer.PageSteps.OrderReviewTest_TC_01_Verify_that_item_added_to_cart_byClass_PASS2_details')">TC_01_Verify_that_item_added_to_cart(Node Web Development)</a>
               </td>
               <td nowrap="true">10:36:13</td>
               <td nowrap="true" align="right">24s
                  
               </td>
               <td nowrap="true">
                   
                  
               </td>
            </tr>
            <tr>
               <td colspan="4" class="detailsBox">
                  <div id="shopizer.PageSteps.OrderReviewTest_TC_01_Verify_that_item_added_to_cart_byClass_PASS2_details"
                       class="testMethodDetails">
                     <div>
                        <b>Name: </b>TC_01_Verify_that_item_added_to_cart
                     </div>
                     <div>
                        <b>Signature: </b>TC_01_Verify_that_item_added_to_cart(java.lang.String)[pri:0, instance:shopizer.PageSteps.OrderReviewTest@7946e1f4]
                     </div>
                     <div>
                        <b>Parameters: </b>
                        
                        Node Web Development
                        
                        
                     </div>
                     <div>
                        <b>Start time: </b>10:36:13
                     </div>
                     <div>
                        <b>End time: </b>10:36:38
                     </div>
                     <div>
                        <b>Duration: </b>24s
                        
                     </div>
                  </div>
               </td>
            </tr>
            <tr></tr>
            <tr id="shopizer.PageSteps.OrderReviewTest_TC_02_VerifyThat_Item_is_removed_from_cart_byClass_PASS3_row"
                class="testMethodStatusPASS">
               <td width="100%" class="firstMethodCell">
                  <a onclick="toggleDetailsVisibility('shopizer.PageSteps.OrderReviewTest_TC_02_VerifyThat_Item_is_removed_from_cart_byClass_PASS3_details')">TC_02_VerifyThat_Item_is_removed_from_cart(Node Web Development)</a>
               </td>
               <td nowrap="true">10:36:38</td>
               <td nowrap="true" align="right">26s
                  
               </td>
               <td nowrap="true">
                   
                  
               </td>
            </tr>
            <tr>
               <td colspan="4" class="detailsBox">
                  <div id="shopizer.PageSteps.OrderReviewTest_TC_02_VerifyThat_Item_is_removed_from_cart_byClass_PASS3_details"
                       class="testMethodDetails">
                     <div>
                        <b>Name: </b>TC_02_VerifyThat_Item_is_removed_from_cart
                     </div>
                     <div>
                        <b>Signature: </b>TC_02_VerifyThat_Item_is_removed_from_cart(java.lang.String)[pri:0, instance:shopizer.PageSteps.OrderReviewTest@7946e1f4]
                     </div>
                     <div>
                        <b>Parameters: </b>
                        
                        Node Web Development
                        
                        
                     </div>
                     <div>
                        <b>Start time: </b>10:36:38
                     </div>
                     <div>
                        <b>End time: </b>10:37:04
                     </div>
                     <div>
                        <b>Duration: </b>26s
                        
                     </div>
                  </div>
               </td>
            </tr>
            <tr></tr>
            <tr id="shopizer.PageSteps.OrderReviewTest_closeBrowser_byClass_PASS4_row"
                class="testMethodStatusPASS testMethodStatusCONF">
               <td width="100%" class="firstMethodCell">
                  <a onclick="toggleDetailsVisibility('shopizer.PageSteps.OrderReviewTest_closeBrowser_byClass_PASS4_details')">closeBrowser()</a>
               </td>
               <td nowrap="true">10:37:04</td>
               <td nowrap="true" align="right">86 ms
                  
               </td>
               <td nowrap="true">
                   
                  
               </td>
            </tr>
            <tr>
               <td colspan="4" class="detailsBox">
                  <div id="shopizer.PageSteps.OrderReviewTest_closeBrowser_byClass_PASS4_details"
                       class="testMethodDetails">
                     <div>
                        <b>Name: </b>closeBrowser
                     </div>
                     <div>
                        <b>Signature: </b>closeBrowser()[pri:0, instance:shopizer.PageSteps.OrderReviewTest@7946e1f4]
                     </div>
                     <div>
                        <b>Start time: </b>10:37:04
                     </div>
                     <div>
                        <b>End time: </b>10:37:04
                     </div>
                     <div>
                        <b>Duration: </b>86 ms
                        
                     </div>
                  </div>
               </td>
            </tr>
            <tr></tr>
         </table>
         <br></br>
      </div>
      <div style="margin-top: 15px; color: gray; text-align: center; font-size: 9px;">
         Generated with
         
         <a href="http://code.google.com/p/testng-xslt/" style="color: #8888aa;"
            target="_blank">
            TestNG XSLT
            
         </a>
      </div>
   </body>
</html>