<?xml version="1.0" encoding="UTF-8"?>
<!-- Generated by org.testng.reporters.JUnitXMLReporter -->
<testsuite hostname="amir-HP-Pavilion-15-Notebook-PC" name="BusinessBookPageAllTestCases" tests="7" failures="0" timestamp="20 Mar 2017 09:34:49 GMT" time="99.346" errors="0">
  <testcase name="TC_002_Verify_Search_ByPrice" time="2.425" classname="shopizer.PageSteps.BusinessPageTest"/>
  <testcase name="TC_003_Verify_Search_By_entering_min_max_price" time="24.755" classname="shopizer.PageSteps.BusinessPageTest"/>
  <testcase name="TC_004_Verify_ItemOrder_Completion" time="41.717" classname="shopizer.PageSteps.BusinessPageTest"/>
  <testcase name="TC_005_Verify_publisherLink" time="1.652" classname="shopizer.PageSteps.BusinessPageTest"/>
  <testcase name="TC_006_Verify_AllPublisherLink" time="0.581" classname="shopizer.PageSteps.BusinessPageTest"/>
  <testcase name="TC_007_Verify_facebook_share_link" time="12.083" classname="shopizer.PageSteps.BusinessPageTest"/>
  <testcase name="TC_01_Verify_Book_Search_ByName" time="0.085" classname="shopizer.PageSteps.BusinessPageTest"/>
</testsuite> <!-- BusinessBookPageAllTestCases -->
