<?xml version="1.0" encoding="UTF-8"?>
<!-- Generated by org.testng.reporters.JUnitXMLReporter -->
<testsuite hostname="amir-HP-Pavilion-15-Notebook-PC" name="BusinessBookPageAllTestCases" tests="7" failures="1" timestamp="29 Apr 2017 08:25:25 GMT" time="195.682" errors="0">
  <testcase name="TC_002_Verify_Search_ByPrice" time="14.009" classname="shopizer.PageSteps.BusinessPageTest"/>
  <testcase name="TC_003_Verify_Search_By_entering_min_max_price" time="35.738" classname="shopizer.PageSteps.BusinessPageTest"/>
  <testcase name="TC_004_Verify_ItemOrder_Completion" time="43.525" classname="shopizer.PageSteps.BusinessPageTest">
    <failure type="java.lang.NullPointerException">
      <![CDATA[java.lang.NullPointerException
	at shopizer.utility.Excel_Reader.getRowCount(Excel_Reader.java:54)
	at shopizer.utility.Excel_Reader.getDataForTests(Excel_Reader.java:269)
	at shopizer.PageObjects.OrderCheckoutPage.fillCustomerInfo(OrderCheckoutPage.java:41)
	at shopizer.PageSteps.BusinessPageTest.TC_004_Verify_ItemOrder_Completion(BusinessPageTest.java:146)
	at sun.reflect.NativeMethodAccessorImpl.invoke0(Native Method)
	at sun.reflect.NativeMethodAccessorImpl.invoke(NativeMethodAccessorImpl.java:62)
	at sun.reflect.DelegatingMethodAccessorImpl.invoke(DelegatingMethodAccessorImpl.java:43)
	at java.lang.reflect.Method.invoke(Method.java:498)
	at org.testng.internal.MethodInvocationHelper.invokeMethod(MethodInvocationHelper.java:85)
	at org.testng.internal.Invoker.invokeMethod(Invoker.java:696)
	at org.testng.internal.Invoker.invokeTestMethod(Invoker.java:882)
	at org.testng.internal.Invoker.invokeTestMethods(Invoker.java:1189)
	at org.testng.internal.TestMethodWorker.invokeTestMethods(TestMethodWorker.java:124)
	at org.testng.internal.TestMethodWorker.run(TestMethodWorker.java:108)
	at org.testng.TestRunner.privateRun(TestRunner.java:767)
	at org.testng.TestRunner.run(TestRunner.java:617)
	at org.testng.SuiteRunner.runTest(SuiteRunner.java:348)
	at org.testng.SuiteRunner.runSequentially(SuiteRunner.java:343)
	at org.testng.SuiteRunner.privateRun(SuiteRunner.java:305)
	at org.testng.SuiteRunner.run(SuiteRunner.java:254)
	at org.testng.SuiteRunnerWorker.runSuite(SuiteRunnerWorker.java:52)
	at org.testng.SuiteRunnerWorker.run(SuiteRunnerWorker.java:86)
	at org.testng.TestNG.runSuitesSequentially(TestNG.java:1224)
	at org.testng.TestNG.runSuitesLocally(TestNG.java:1149)
	at org.testng.TestNG.run(TestNG.java:1057)
	at org.apache.maven.surefire.testng.TestNGExecutor.run(TestNGExecutor.java:281)
	at org.apache.maven.surefire.testng.TestNGXmlTestSuite.execute(TestNGXmlTestSuite.java:75)
	at org.apache.maven.surefire.testng.TestNGProvider.invoke(TestNGProvider.java:121)
	at org.apache.maven.surefire.booter.ForkedBooter.invokeProviderInSameClassLoader(ForkedBooter.java:290)
	at org.apache.maven.surefire.booter.ForkedBooter.runSuitesInProcess(ForkedBooter.java:242)
	at org.apache.maven.surefire.booter.ForkedBooter.main(ForkedBooter.java:121)
]]>
    </failure>
  </testcase> <!-- TC_004_Verify_ItemOrder_Completion -->
  <testcase name="TC_005_Verify_publisherLink" time="12.898" classname="shopizer.PageSteps.BusinessPageTest"/>
  <testcase name="TC_006_Verify_AllPublisherLink" time="17.815" classname="shopizer.PageSteps.BusinessPageTest"/>
  <testcase name="TC_007_Verify_facebook_share_link" time="37.908" classname="shopizer.PageSteps.BusinessPageTest"/>
  <testcase name="TC_01_Verify_Book_Search_ByName" time="14.453" classname="shopizer.PageSteps.BusinessPageTest"/>
</testsuite> <!-- BusinessBookPageAllTestCases -->
