<?xml version="1.0" encoding="UTF-8"?>
<testsuite xmlns:xsi="http://www.w3.org/2001/XMLSchema-instance" xsi:schemaLocation="https://maven.apache.org/surefire/maven-surefire-plugin/xsd/surefire-test-report.xsd" name="TestSuite" time="364.295" tests="17" errors="0" skipped="0" failures="2">
  <properties>
[...]
</properties>
  <testcase name="loginTest" classname="shopizer.PageSteps.LoginSteps" time="12.28"/>
  <testcase name="TC_001_Verify_Search_ByName" classname="shopizer.PageSteps.ComputerBooksPageTest" time="3.306">
    <failure message="expected [true] but found [false]" type="java.lang.AssertionError">java.lang.AssertionError: expected [true] but found [false]
	at shopizer.PageSteps.ComputerBooksPageTest.TC_001_Verify_Search_ByName(ComputerBooksPageTest.java:66)
</failure>
    <system-out><![CDATA[PASSED: loginTest

===============================================
    LoginTest
    Tests run: 1, Failures: 0, Skips: 0
===============================================

---Test Product
---Android 3.0 Cookbook
---Node Web Development
---Android development
---Spring in Action
---Test Product 5
]]></system-out>
    <system-err><![CDATA[Starting ChromeDriver 2.27.440175 (9bc1d90b8bfa4dd181fbbf769a5eb5e575574320) on port 32194
Only local connections are allowed.
Mar 20, 2017 10:31:25 AM org.openqa.selenium.remote.ProtocolHandshake createSession
INFO: Attempting bi-dialect session, assuming Postel's Law holds true on the remote end
Mar 20, 2017 10:31:26 AM org.openqa.selenium.remote.ProtocolHandshake createSession
INFO: Detected dialect: OSS
]]></system-err>
  </testcase>
  <testcase name="TC_002_Verify_Search_ByPrice" classname="shopizer.PageSteps.ComputerBooksPageTest" time="2.924">
    <failure message="expected [true] but found [false]" type="java.lang.AssertionError">java.lang.AssertionError: expected [true] but found [false]
	at shopizer.PageSteps.ComputerBooksPageTest.TC_002_Verify_Search_ByPrice(ComputerBooksPageTest.java:87)
</failure>
    <system-out><![CDATA[---CAD9.00
---CAD18.99
---CAD29.99
---CAD18.99
---CAD29.98
---CAD56.00
]]></system-out>
  </testcase>
  <testcase name="TC_003_Verify_Search_By_entering_min_max_price" classname="shopizer.PageSteps.ComputerBooksPageTest" time="25.332"/>
  <testcase name="TC_004_Verify_ItemOrder_Completion" classname="shopizer.PageSteps.ComputerBooksPageTest" time="43.691"/>
  <testcase name="TC_005_Verify_publisherLink" classname="shopizer.PageSteps.ComputerBooksPageTest" time="1.812"/>
  <testcase name="TC_006_Verify_AllPublisherLink" classname="shopizer.PageSteps.ComputerBooksPageTest" time="0.68"/>
  <testcase name="TC_002_Verify_Search_ByPrice" classname="shopizer.PageSteps.BusinessPageTest" time="2.425"/>
  <testcase name="TC_003_Verify_Search_By_entering_min_max_price" classname="shopizer.PageSteps.BusinessPageTest" time="24.755"/>
  <testcase name="TC_004_Verify_ItemOrder_Completion" classname="shopizer.PageSteps.BusinessPageTest" time="41.717"/>
  <testcase name="TC_005_Verify_publisherLink" classname="shopizer.PageSteps.BusinessPageTest" time="1.652"/>
  <testcase name="TC_006_Verify_AllPublisherLink" classname="shopizer.PageSteps.BusinessPageTest" time="0.581"/>
  <testcase name="TC_007_Verify_facebook_share_link" classname="shopizer.PageSteps.BusinessPageTest" time="12.083"/>
  <testcase name="TC_01_Verify_Book_Search_ByName" classname="shopizer.PageSteps.BusinessPageTest" time="0.086"/>
  <testcase name="TC_001_Verify_That_UserCan_sent_query_on_ContactUs_Page" classname="shopizer.PageSteps.ContactPageTest" time="45.691"/>
  <testcase name="TC_01_Verify_that_item_added_to_cart" classname="shopizer.PageSteps.OrderReviewTest" time="24.497"/>
  <testcase name="TC_02_VerifyThat_Item_is_removed_from_cart" classname="shopizer.PageSteps.OrderReviewTest" time="26.05"/>
</testsuite>