<?xml version="1.0" encoding="UTF-8"?>
<testng-results skipped="0" failed="0" total="0" passed="0">
  <reporter-output>
  </reporter-output>
  <suite name="DemoTestSuite" duration-ms="9226" started-at="2017-03-28T17:13:09Z" finished-at="2017-03-28T17:13:18Z">
    <groups>
    </groups>
    <test name="VideoStreaming" duration-ms="9226" started-at="2017-03-28T17:13:09Z" finished-at="2017-03-28T17:13:18Z">
      <class name="shopizer.PageSteps.VideoPageTest">
        <test-method status="PASS" signature="setUp()[pri:0, instance:shopizer.PageSteps.VideoPageTest@60addb54]" name="setUp" is-config="true" duration-ms="9047" started-at="2017-03-28T19:13:09Z" finished-at="2017-03-28T19:13:18Z">
          <reporter-output>
          </reporter-output>
        </test-method> <!-- setUp -->
        <test-method status="PASS" signature="closeBrowserName()[pri:0, instance:shopizer.PageSteps.VideoPageTest@60addb54]" name="closeBrowserName" is-config="true" duration-ms="164" started-at="2017-03-28T19:13:18Z" finished-at="2017-03-28T19:13:18Z">
          <reporter-output>
          </reporter-output>
        </test-method> <!-- closeBrowserName -->
      </class> <!-- shopizer.PageSteps.VideoPageTest -->
    </test> <!-- VideoStreaming -->
  </suite> <!-- DemoTestSuite -->
</testng-results>
