<?xml version="1.0" encoding="UTF-8"?>
<testng-results skipped="0" failed="0" total="1" passed="1">
  <reporter-output>
  </reporter-output>
  <suite name="Default suite" duration-ms="19348" started-at="2017-03-10T11:18:44Z" finished-at="2017-03-10T11:19:03Z">
    <groups>
    </groups>
    <test name="Default test" duration-ms="19348" started-at="2017-03-10T11:18:44Z" finished-at="2017-03-10T11:19:03Z">
      <class name="shopizer.PageSteps.LoginSteps">
        <test-method status="PASS" signature="setUp()[pri:0, instance:shopizer.PageSteps.LoginSteps@c038203]" name="setUp" is-config="true" duration-ms="7163" started-at="2017-03-10T12:18:44Z" finished-at="2017-03-10T12:18:51Z">
          <reporter-output>
          </reporter-output>
        </test-method> <!-- setUp -->
        <test-method status="PASS" signature="loginTest()[pri:0, instance:shopizer.PageSteps.LoginSteps@c038203]" name="loginTest" duration-ms="12050" started-at="2017-03-10T12:18:51Z" finished-at="2017-03-10T12:19:03Z">
          <reporter-output>
          </reporter-output>
        </test-method> <!-- loginTest -->
        <test-method status="PASS" signature="closeBrowser()[pri:0, instance:shopizer.PageSteps.LoginSteps@c038203]" name="closeBrowser" is-config="true" duration-ms="96" started-at="2017-03-10T12:19:03Z" finished-at="2017-03-10T12:19:03Z">
          <reporter-output>
          </reporter-output>
        </test-method> <!-- closeBrowser -->
      </class> <!-- shopizer.PageSteps.LoginSteps -->
    </test> <!-- Default test -->
  </suite> <!-- Default suite -->
</testng-results>
